{"C:\\programming\\teste\\NinDuelist\\src\\config.ts": {"path":"C:\\programming\\teste\\NinDuelist\\src\\config.ts","all":false,"statementMap":{"0":{"start":{"line":1,"column":0},"end":{"line":1,"column":23}},"2":{"start":{"line":3,"column":0},"end":{"line":3,"column":56}},"3":{"start":{"line":4,"column":0},"end":{"line":4,"column":64}},"4":{"start":{"line":5,"column":0},"end":{"line":5,"column":62}},"7":{"start":{"line":8,"column":0},"end":{"line":8,"column":39}},"10":{"start":{"line":11,"column":0},"end":{"line":11,"column":59}},"13":{"start":{"line":14,"column":0},"end":{"line":14,"column":62}},"16":{"start":{"line":17,"column":0},"end":{"line":17,"column":67}},"19":{"start":{"line":20,"column":0},"end":{"line":20,"column":33}},"22":{"start":{"line":23,"column":0},"end":{"line":23,"column":28}},"23":{"start":{"line":24,"column":0},"end":{"line":24,"column":30}}},"s":{"0":1,"2":1,"3":1,"4":1,"7":1,"10":1,"13":1,"16":1,"19":1,"22":1,"23":1},"branchMap":{},"b":{},"fnMap":{},"f":{}}
,"C:\\programming\\teste\\NinDuelist\\src\\deploy-commands.ts": {"path":"C:\\programming\\teste\\NinDuelist\\src\\deploy-commands.ts","all":false,"statementMap":{"0":{"start":{"line":1,"column":0},"end":{"line":1,"column":63}},"1":{"start":{"line":2,"column":0},"end":{"line":2,"column":78}},"3":{"start":{"line":4,"column":0},"end":{"line":4,"column":18}},"4":{"start":{"line":5,"column":0},"end":{"line":5,"column":27}},"5":{"start":{"line":6,"column":0},"end":{"line":6,"column":20}},"6":{"start":{"line":7,"column":0},"end":{"line":7,"column":52}},"7":{"start":{"line":8,"column":0},"end":{"line":8,"column":93}},"8":{"start":{"line":9,"column":0},"end":{"line":9,"column":27}},"9":{"start":{"line":10,"column":0},"end":{"line":10,"column":7}},"10":{"start":{"line":11,"column":0},"end":{"line":11,"column":26}},"11":{"start":{"line":12,"column":0},"end":{"line":12,"column":43}},"12":{"start":{"line":13,"column":0},"end":{"line":13,"column":26}},"13":{"start":{"line":14,"column":0},"end":{"line":14,"column":110}},"14":{"start":{"line":15,"column":0},"end":{"line":15,"column":5}},"15":{"start":{"line":16,"column":0},"end":{"line":16,"column":108}},"16":{"start":{"line":17,"column":0},"end":{"line":17,"column":14}},"18":{"start":{"line":19,"column":0},"end":{"line":19,"column":27}},"19":{"start":{"line":20,"column":0},"end":{"line":20,"column":20}},"20":{"start":{"line":21,"column":0},"end":{"line":21,"column":50}},"21":{"start":{"line":22,"column":0},"end":{"line":22,"column":87}},"22":{"start":{"line":23,"column":0},"end":{"line":23,"column":14}},"24":{"start":{"line":25,"column":0},"end":{"line":25,"column":96}},"25":{"start":{"line":26,"column":0},"end":{"line":26,"column":2}},"27":{"start":{"line":28,"column":0},"end":{"line":28,"column":23}},"28":{"start":{"line":29,"column":0},"end":{"line":29,"column":50}},"30":{"start":{"line":31,"column":0},"end":{"line":31,"column":47}},"32":{"start":{"line":33,"column":0},"end":{"line":33,"column":25}},"33":{"start":{"line":34,"column":0},"end":{"line":34,"column":109}},"34":{"start":{"line":35,"column":0},"end":{"line":35,"column":69}},"35":{"start":{"line":36,"column":0},"end":{"line":36,"column":10}},"36":{"start":{"line":37,"column":0},"end":{"line":37,"column":86}},"37":{"start":{"line":38,"column":0},"end":{"line":38,"column":52}},"38":{"start":{"line":39,"column":0},"end":{"line":39,"column":3}},"39":{"start":{"line":40,"column":0},"end":{"line":40,"column":1}},"41":{"start":{"line":42,"column":0},"end":{"line":42,"column":28}}},"s":{"0":1,"1":1,"3":1,"4":1,"5":1,"6":1,"7":1,"8":1,"9":3,"10":3,"11":3,"12":3,"13":3,"14":1,"15":1,"16":1,"18":1,"19":1,"20":1,"21":1,"22":1,"24":1,"25":1,"27":3,"28":3,"30":3,"32":3,"33":2,"34":1,"35":3,"36":1,"37":1,"38":1,"39":3,"41":1},"branchMap":{"0":{"type":"branch","line":8,"loc":{"start":{"line":8,"column":19},"end":{"line":8,"column":92}},"locations":[{"start":{"line":8,"column":19},"end":{"line":8,"column":92}}]},"1":{"type":"branch","line":9,"loc":{"start":{"line":9,"column":21},"end":{"line":14,"column":110}},"locations":[{"start":{"line":9,"column":21},"end":{"line":14,"column":110}}]},"2":{"type":"branch","line":16,"loc":{"start":{"line":16,"column":19},"end":{"line":16,"column":107}},"locations":[{"start":{"line":16,"column":19},"end":{"line":16,"column":107}}]},"3":{"type":"branch","line":22,"loc":{"start":{"line":22,"column":22},"end":{"line":22,"column":86}},"locations":[{"start":{"line":22,"column":22},"end":{"line":22,"column":86}}]},"4":{"type":"branch","line":28,"loc":{"start":{"line":28,"column":0},"end":{"line":40,"column":1}},"locations":[{"start":{"line":28,"column":0},"end":{"line":40,"column":1}}]},"5":{"type":"branch","line":33,"loc":{"start":{"line":33,"column":24},"end":{"line":36,"column":9}},"locations":[{"start":{"line":33,"column":24},"end":{"line":36,"column":9}}]},"6":{"type":"branch","line":34,"loc":{"start":{"line":34,"column":107},"end":{"line":36,"column":9}},"locations":[{"start":{"line":34,"column":107},"end":{"line":36,"column":9}}]},"7":{"type":"branch","line":36,"loc":{"start":{"line":36,"column":2},"end":{"line":39,"column":3}},"locations":[{"start":{"line":36,"column":2},"end":{"line":39,"column":3}}]}},"b":{"0":[3],"1":[3],"2":[3],"3":[3],"4":[3],"5":[2],"6":[1],"7":[1]},"fnMap":{"0":{"name":"main","decl":{"start":{"line":28,"column":0},"end":{"line":40,"column":1}},"loc":{"start":{"line":28,"column":0},"end":{"line":40,"column":1}},"line":28}},"f":{"0":3}}
,"C:\\programming\\teste\\NinDuelist\\src\\index.ts": {"path":"C:\\programming\\teste\\NinDuelist\\src\\index.ts","all":false,"statementMap":{"0":{"start":{"line":1,"column":0},"end":{"line":1,"column":55}},"1":{"start":{"line":2,"column":0},"end":{"line":2,"column":41}},"2":{"start":{"line":3,"column":0},"end":{"line":3,"column":52}},"3":{"start":{"line":4,"column":0},"end":{"line":4,"column":70}},"5":{"start":{"line":6,"column":0},"end":{"line":6,"column":27}},"6":{"start":{"line":7,"column":0},"end":{"line":7,"column":38}},"7":{"start":{"line":8,"column":0},"end":{"line":8,"column":3}},"9":{"start":{"line":10,"column":0},"end":{"line":10,"column":27}},"10":{"start":{"line":11,"column":0},"end":{"line":11,"column":33}},"12":{"start":{"line":13,"column":0},"end":{"line":13,"column":28}}},"s":{"0":1,"1":1,"2":1,"3":1,"5":1,"6":1,"7":1,"9":1,"10":1,"12":1},"branchMap":{},"b":{},"fnMap":{},"f":{}}
,"C:\\programming\\teste\\NinDuelist\\src\\buttons\\accept-duel.ts": {"path":"C:\\programming\\teste\\NinDuelist\\src\\buttons\\accept-duel.ts","all":false,"statementMap":{"0":{"start":{"line":1,"column":0},"end":{"line":1,"column":93}},"4":{"start":{"line":5,"column":0},"end":{"line":5,"column":72}},"5":{"start":{"line":6,"column":0},"end":{"line":6,"column":66}},"6":{"start":{"line":7,"column":0},"end":{"line":7,"column":34}},"7":{"start":{"line":8,"column":0},"end":{"line":8,"column":41}},"9":{"start":{"line":10,"column":0},"end":{"line":10,"column":44}},"10":{"start":{"line":11,"column":0},"end":{"line":11,"column":101}},"11":{"start":{"line":12,"column":0},"end":{"line":12,"column":11}},"12":{"start":{"line":13,"column":0},"end":{"line":13,"column":3}},"14":{"start":{"line":15,"column":0},"end":{"line":15,"column":56}},"15":{"start":{"line":16,"column":0},"end":{"line":16,"column":104}},"16":{"start":{"line":17,"column":0},"end":{"line":17,"column":11}},"17":{"start":{"line":18,"column":0},"end":{"line":18,"column":3}},"19":{"start":{"line":20,"column":0},"end":{"line":20,"column":47}},"20":{"start":{"line":21,"column":0},"end":{"line":21,"column":17}},"21":{"start":{"line":22,"column":0},"end":{"line":22,"column":87}},"22":{"start":{"line":23,"column":0},"end":{"line":23,"column":11}},"23":{"start":{"line":24,"column":0},"end":{"line":24,"column":3}},"25":{"start":{"line":26,"column":0},"end":{"line":26,"column":40}},"26":{"start":{"line":27,"column":0},"end":{"line":27,"column":47}},"28":{"start":{"line":29,"column":0},"end":{"line":29,"column":63}},"29":{"start":{"line":30,"column":0},"end":{"line":30,"column":1}},"31":{"start":{"line":32,"column":0},"end":{"line":32,"column":65}},"32":{"start":{"line":33,"column":0},"end":{"line":33,"column":53}},"34":{"start":{"line":35,"column":0},"end":{"line":35,"column":35}},"35":{"start":{"line":36,"column":0},"end":{"line":36,"column":14}},"36":{"start":{"line":37,"column":0},"end":{"line":37,"column":58}},"37":{"start":{"line":38,"column":0},"end":{"line":38,"column":27}},"38":{"start":{"line":39,"column":0},"end":{"line":39,"column":51}},"39":{"start":{"line":40,"column":0},"end":{"line":40,"column":43}},"40":{"start":{"line":41,"column":0},"end":{"line":41,"column":41}},"41":{"start":{"line":42,"column":0},"end":{"line":42,"column":27}},"42":{"start":{"line":43,"column":0},"end":{"line":43,"column":48}},"43":{"start":{"line":44,"column":0},"end":{"line":44,"column":31}},"44":{"start":{"line":45,"column":0},"end":{"line":45,"column":40}},"45":{"start":{"line":46,"column":0},"end":{"line":46,"column":8}},"46":{"start":{"line":47,"column":0},"end":{"line":47,"column":6}},"47":{"start":{"line":48,"column":0},"end":{"line":48,"column":3}},"49":{"start":{"line":50,"column":0},"end":{"line":50,"column":35}},"50":{"start":{"line":51,"column":0},"end":{"line":51,"column":14}},"51":{"start":{"line":52,"column":0},"end":{"line":52,"column":58}},"52":{"start":{"line":53,"column":0},"end":{"line":53,"column":27}},"53":{"start":{"line":54,"column":0},"end":{"line":54,"column":47}},"54":{"start":{"line":55,"column":0},"end":{"line":55,"column":36}},"55":{"start":{"line":56,"column":0},"end":{"line":56,"column":41}},"56":{"start":{"line":57,"column":0},"end":{"line":57,"column":27}},"57":{"start":{"line":58,"column":0},"end":{"line":58,"column":48}},"58":{"start":{"line":59,"column":0},"end":{"line":59,"column":31}},"59":{"start":{"line":60,"column":0},"end":{"line":60,"column":40}},"60":{"start":{"line":61,"column":0},"end":{"line":61,"column":8}},"61":{"start":{"line":62,"column":0},"end":{"line":62,"column":6}},"62":{"start":{"line":63,"column":0},"end":{"line":63,"column":3}},"64":{"start":{"line":65,"column":0},"end":{"line":65,"column":14}},"65":{"start":{"line":66,"column":0},"end":{"line":66,"column":1}}},"s":{"0":1,"4":6,"5":6,"6":6,"7":6,"9":6,"10":2,"11":2,"12":2,"14":6,"15":1,"16":1,"17":1,"19":3,"20":6,"21":1,"22":1,"23":1,"25":2,"26":2,"28":2,"29":2,"31":2,"32":2,"34":2,"35":1,"36":1,"37":1,"38":1,"39":1,"40":1,"41":1,"42":1,"43":1,"44":1,"45":1,"46":1,"47":1,"49":2,"50":1,"51":1,"52":1,"53":1,"54":1,"55":1,"56":1,"57":1,"58":1,"59":1,"60":1,"61":1,"62":1,"64":2,"65":2},"branchMap":{"0":{"type":"branch","line":5,"loc":{"start":{"line":5,"column":0},"end":{"line":30,"column":1}},"locations":[{"start":{"line":5,"column":0},"end":{"line":30,"column":1}}]},"1":{"type":"branch","line":10,"loc":{"start":{"line":10,"column":7},"end":{"line":10,"column":43}},"locations":[{"start":{"line":10,"column":7},"end":{"line":10,"column":43}}]},"2":{"type":"branch","line":10,"loc":{"start":{"line":10,"column":43},"end":{"line":13,"column":3}},"locations":[{"start":{"line":10,"column":43},"end":{"line":13,"column":3}}]},"3":{"type":"branch","line":13,"loc":{"start":{"line":13,"column":2},"end":{"line":15,"column":55}},"locations":[{"start":{"line":13,"column":2},"end":{"line":15,"column":55}}]},"4":{"type":"branch","line":15,"loc":{"start":{"line":15,"column":55},"end":{"line":18,"column":3}},"locations":[{"start":{"line":15,"column":55},"end":{"line":18,"column":3}}]},"5":{"type":"branch","line":18,"loc":{"start":{"line":18,"column":2},"end":{"line":21,"column":16}},"locations":[{"start":{"line":18,"column":2},"end":{"line":21,"column":16}}]},"6":{"type":"branch","line":21,"loc":{"start":{"line":21,"column":16},"end":{"line":24,"column":3}},"locations":[{"start":{"line":21,"column":16},"end":{"line":24,"column":3}}]},"7":{"type":"branch","line":24,"loc":{"start":{"line":24,"column":2},"end":{"line":30,"column":1}},"locations":[{"start":{"line":24,"column":2},"end":{"line":30,"column":1}}]},"8":{"type":"branch","line":32,"loc":{"start":{"line":32,"column":0},"end":{"line":66,"column":1}},"locations":[{"start":{"line":32,"column":0},"end":{"line":66,"column":1}}]},"9":{"type":"branch","line":35,"loc":{"start":{"line":35,"column":34},"end":{"line":48,"column":3}},"locations":[{"start":{"line":35,"column":34},"end":{"line":48,"column":3}}]},"10":{"type":"branch","line":50,"loc":{"start":{"line":50,"column":34},"end":{"line":63,"column":3}},"locations":[{"start":{"line":50,"column":34},"end":{"line":63,"column":3}}]}},"b":{"0":[6],"1":[5],"2":[2],"3":[4],"4":[1],"5":[3],"6":[1],"7":[2],"8":[2],"9":[1],"10":[1]},"fnMap":{"0":{"name":"handleAcceptDuel","decl":{"start":{"line":5,"column":0},"end":{"line":30,"column":1}},"loc":{"start":{"line":5,"column":0},"end":{"line":30,"column":1}},"line":5},"1":{"name":"buildDuelButtons","decl":{"start":{"line":32,"column":0},"end":{"line":66,"column":1}},"loc":{"start":{"line":32,"column":0},"end":{"line":66,"column":1}},"line":32}},"f":{"0":6,"1":2}}
,"C:\\programming\\teste\\NinDuelist\\src\\buttons\\accept-witness.ts": {"path":"C:\\programming\\teste\\NinDuelist\\src\\buttons\\accept-witness.ts","all":false,"statementMap":{"0":{"start":{"line":1,"column":0},"end":{"line":1,"column":93}},"4":{"start":{"line":5,"column":0},"end":{"line":5,"column":75}},"5":{"start":{"line":6,"column":0},"end":{"line":6,"column":66}},"6":{"start":{"line":7,"column":0},"end":{"line":7,"column":34}},"7":{"start":{"line":8,"column":0},"end":{"line":8,"column":41}},"9":{"start":{"line":10,"column":0},"end":{"line":10,"column":44}},"10":{"start":{"line":11,"column":0},"end":{"line":11,"column":101}},"11":{"start":{"line":12,"column":0},"end":{"line":12,"column":11}},"12":{"start":{"line":13,"column":0},"end":{"line":13,"column":3}},"14":{"start":{"line":15,"column":0},"end":{"line":15,"column":72}},"15":{"start":{"line":16,"column":0},"end":{"line":16,"column":108}},"16":{"start":{"line":17,"column":0},"end":{"line":17,"column":11}},"17":{"start":{"line":18,"column":0},"end":{"line":18,"column":3}},"19":{"start":{"line":20,"column":0},"end":{"line":20,"column":46}},"20":{"start":{"line":21,"column":0},"end":{"line":21,"column":17}},"21":{"start":{"line":22,"column":0},"end":{"line":22,"column":97}},"22":{"start":{"line":23,"column":0},"end":{"line":23,"column":11}},"23":{"start":{"line":24,"column":0},"end":{"line":24,"column":3}},"25":{"start":{"line":26,"column":0},"end":{"line":26,"column":40}},"26":{"start":{"line":27,"column":0},"end":{"line":27,"column":59}},"28":{"start":{"line":29,"column":0},"end":{"line":29,"column":67}},"29":{"start":{"line":30,"column":0},"end":{"line":30,"column":20}},"30":{"start":{"line":31,"column":0},"end":{"line":31,"column":58}},"31":{"start":{"line":32,"column":0},"end":{"line":32,"column":27}},"32":{"start":{"line":33,"column":0},"end":{"line":33,"column":48}},"33":{"start":{"line":34,"column":0},"end":{"line":34,"column":36}},"34":{"start":{"line":35,"column":0},"end":{"line":35,"column":41}},"35":{"start":{"line":36,"column":0},"end":{"line":36,"column":27}},"36":{"start":{"line":37,"column":0},"end":{"line":37,"column":48}},"37":{"start":{"line":38,"column":0},"end":{"line":38,"column":31}},"38":{"start":{"line":39,"column":0},"end":{"line":39,"column":40}},"39":{"start":{"line":40,"column":0},"end":{"line":40,"column":8}},"40":{"start":{"line":41,"column":0},"end":{"line":41,"column":6}},"41":{"start":{"line":42,"column":0},"end":{"line":42,"column":3}},"43":{"start":{"line":44,"column":0},"end":{"line":44,"column":38}},"44":{"start":{"line":45,"column":0},"end":{"line":45,"column":20}},"45":{"start":{"line":46,"column":0},"end":{"line":46,"column":58}},"46":{"start":{"line":47,"column":0},"end":{"line":47,"column":27}},"47":{"start":{"line":48,"column":0},"end":{"line":48,"column":47}},"48":{"start":{"line":49,"column":0},"end":{"line":49,"column":36}},"49":{"start":{"line":50,"column":0},"end":{"line":50,"column":41}},"50":{"start":{"line":51,"column":0},"end":{"line":51,"column":27}},"51":{"start":{"line":52,"column":0},"end":{"line":52,"column":48}},"52":{"start":{"line":53,"column":0},"end":{"line":53,"column":31}},"53":{"start":{"line":54,"column":0},"end":{"line":54,"column":40}},"54":{"start":{"line":55,"column":0},"end":{"line":55,"column":8}},"55":{"start":{"line":56,"column":0},"end":{"line":56,"column":6}},"56":{"start":{"line":57,"column":0},"end":{"line":57,"column":3}},"58":{"start":{"line":59,"column":0},"end":{"line":59,"column":63}},"59":{"start":{"line":60,"column":0},"end":{"line":60,"column":1}}},"s":{"0":1,"4":6,"5":6,"6":6,"7":6,"9":6,"10":1,"11":1,"12":1,"14":6,"15":1,"16":1,"17":1,"19":4,"20":6,"21":1,"22":1,"23":1,"25":3,"26":3,"28":6,"29":1,"30":1,"31":1,"32":1,"33":1,"34":1,"35":1,"36":1,"37":1,"38":1,"39":1,"40":1,"41":1,"43":6,"44":1,"45":1,"46":1,"47":1,"48":1,"49":1,"50":1,"51":1,"52":1,"53":1,"54":1,"55":1,"56":1,"58":3,"59":3},"branchMap":{"0":{"type":"branch","line":5,"loc":{"start":{"line":5,"column":0},"end":{"line":60,"column":1}},"locations":[{"start":{"line":5,"column":0},"end":{"line":60,"column":1}}]},"1":{"type":"branch","line":10,"loc":{"start":{"line":10,"column":7},"end":{"line":10,"column":43}},"locations":[{"start":{"line":10,"column":7},"end":{"line":10,"column":43}}]},"2":{"type":"branch","line":10,"loc":{"start":{"line":10,"column":43},"end":{"line":13,"column":3}},"locations":[{"start":{"line":10,"column":43},"end":{"line":13,"column":3}}]},"3":{"type":"branch","line":13,"loc":{"start":{"line":13,"column":2},"end":{"line":15,"column":71}},"locations":[{"start":{"line":13,"column":2},"end":{"line":15,"column":71}}]},"4":{"type":"branch","line":15,"loc":{"start":{"line":15,"column":71},"end":{"line":18,"column":3}},"locations":[{"start":{"line":15,"column":71},"end":{"line":18,"column":3}}]},"5":{"type":"branch","line":18,"loc":{"start":{"line":18,"column":2},"end":{"line":21,"column":16}},"locations":[{"start":{"line":18,"column":2},"end":{"line":21,"column":16}}]},"6":{"type":"branch","line":21,"loc":{"start":{"line":21,"column":16},"end":{"line":24,"column":3}},"locations":[{"start":{"line":21,"column":16},"end":{"line":24,"column":3}}]},"7":{"type":"branch","line":24,"loc":{"start":{"line":24,"column":2},"end":{"line":29,"column":39}},"locations":[{"start":{"line":24,"column":2},"end":{"line":29,"column":39}}]},"8":{"type":"branch","line":29,"loc":{"start":{"line":29,"column":25},"end":{"line":29,"column":66}},"locations":[{"start":{"line":29,"column":25},"end":{"line":29,"column":66}}]},"9":{"type":"branch","line":29,"loc":{"start":{"line":29,"column":66},"end":{"line":42,"column":3}},"locations":[{"start":{"line":29,"column":66},"end":{"line":42,"column":3}}]},"10":{"type":"branch","line":42,"loc":{"start":{"line":42,"column":2},"end":{"line":44,"column":37}},"locations":[{"start":{"line":42,"column":2},"end":{"line":44,"column":37}}]},"11":{"type":"branch","line":44,"loc":{"start":{"line":44,"column":37},"end":{"line":57,"column":3}},"locations":[{"start":{"line":44,"column":37},"end":{"line":57,"column":3}}]},"12":{"type":"branch","line":57,"loc":{"start":{"line":57,"column":2},"end":{"line":60,"column":1}},"locations":[{"start":{"line":57,"column":2},"end":{"line":60,"column":1}}]}},"b":{"0":[6],"1":[5],"2":[1],"3":[5],"4":[1],"5":[4],"6":[1],"7":[3],"8":[2],"9":[1],"10":[3],"11":[1],"12":[3]},"fnMap":{"0":{"name":"handleAcceptWitness","decl":{"start":{"line":5,"column":0},"end":{"line":60,"column":1}},"loc":{"start":{"line":5,"column":0},"end":{"line":60,"column":1}},"line":5}},"f":{"0":6}}
,"C:\\programming\\teste\\NinDuelist\\src\\buttons\\cancel-duel.ts": {"path":"C:\\programming\\teste\\NinDuelist\\src\\buttons\\cancel-duel.ts","all":false,"statementMap":{"0":{"start":{"line":1,"column":0},"end":{"line":1,"column":47}},"4":{"start":{"line":5,"column":0},"end":{"line":5,"column":72}},"5":{"start":{"line":6,"column":0},"end":{"line":6,"column":66}},"6":{"start":{"line":7,"column":0},"end":{"line":7,"column":34}},"7":{"start":{"line":8,"column":0},"end":{"line":8,"column":41}},"9":{"start":{"line":10,"column":0},"end":{"line":10,"column":14}},"10":{"start":{"line":11,"column":0},"end":{"line":11,"column":86}},"11":{"start":{"line":12,"column":0},"end":{"line":12,"column":11}},"12":{"start":{"line":13,"column":0},"end":{"line":13,"column":3}},"14":{"start":{"line":15,"column":0},"end":{"line":15,"column":66}},"15":{"start":{"line":16,"column":0},"end":{"line":16,"column":47}},"16":{"start":{"line":17,"column":0},"end":{"line":17,"column":104}},"17":{"start":{"line":18,"column":0},"end":{"line":18,"column":11}},"18":{"start":{"line":19,"column":0},"end":{"line":19,"column":3}},"21":{"start":{"line":22,"column":0},"end":{"line":22,"column":102}},"22":{"start":{"line":23,"column":0},"end":{"line":23,"column":54}},"23":{"start":{"line":24,"column":0},"end":{"line":24,"column":115}},"24":{"start":{"line":25,"column":0},"end":{"line":25,"column":11}},"25":{"start":{"line":26,"column":0},"end":{"line":26,"column":3}},"27":{"start":{"line":28,"column":0},"end":{"line":28,"column":43}},"28":{"start":{"line":29,"column":0},"end":{"line":29,"column":17}},"29":{"start":{"line":30,"column":0},"end":{"line":30,"column":88}},"30":{"start":{"line":31,"column":0},"end":{"line":31,"column":11}},"31":{"start":{"line":32,"column":0},"end":{"line":32,"column":3}},"33":{"start":{"line":34,"column":0},"end":{"line":34,"column":40}},"34":{"start":{"line":35,"column":0},"end":{"line":35,"column":67}},"35":{"start":{"line":36,"column":0},"end":{"line":36,"column":1}}},"s":{"0":1,"4":5,"5":5,"6":5,"7":5,"9":5,"10":1,"11":1,"12":1,"14":4,"15":5,"16":1,"17":1,"18":1,"21":3,"22":5,"23":1,"24":1,"25":1,"27":2,"28":5,"29":1,"30":1,"31":1,"33":1,"34":1,"35":1},"branchMap":{"0":{"type":"branch","line":5,"loc":{"start":{"line":5,"column":0},"end":{"line":36,"column":1}},"locations":[{"start":{"line":5,"column":0},"end":{"line":36,"column":1}}]},"1":{"type":"branch","line":10,"loc":{"start":{"line":10,"column":13},"end":{"line":13,"column":3}},"locations":[{"start":{"line":10,"column":13},"end":{"line":13,"column":3}}]},"2":{"type":"branch","line":13,"loc":{"start":{"line":13,"column":2},"end":{"line":16,"column":46}},"locations":[{"start":{"line":13,"column":2},"end":{"line":16,"column":46}}]},"3":{"type":"branch","line":16,"loc":{"start":{"line":16,"column":46},"end":{"line":19,"column":3}},"locations":[{"start":{"line":16,"column":46},"end":{"line":19,"column":3}}]},"4":{"type":"branch","line":19,"loc":{"start":{"line":19,"column":2},"end":{"line":23,"column":53}},"locations":[{"start":{"line":19,"column":2},"end":{"line":23,"column":53}}]},"5":{"type":"branch","line":23,"loc":{"start":{"line":23,"column":53},"end":{"line":26,"column":3}},"locations":[{"start":{"line":23,"column":53},"end":{"line":26,"column":3}}]},"6":{"type":"branch","line":26,"loc":{"start":{"line":26,"column":2},"end":{"line":29,"column":16}},"locations":[{"start":{"line":26,"column":2},"end":{"line":29,"column":16}}]},"7":{"type":"branch","line":29,"loc":{"start":{"line":29,"column":16},"end":{"line":36,"column":1}},"locations":[{"start":{"line":29,"column":16},"end":{"line":36,"column":1}}]}},"b":{"0":[5],"1":[1],"2":[4],"3":[1],"4":[3],"5":[1],"6":[2],"7":[1]},"fnMap":{"0":{"name":"handleCancelDuel","decl":{"start":{"line":5,"column":0},"end":{"line":36,"column":1}},"loc":{"start":{"line":5,"column":0},"end":{"line":36,"column":1}},"line":5}},"f":{"0":5}}
,"C:\\programming\\teste\\NinDuelist\\src\\buttons\\confirm-result.ts": {"path":"C:\\programming\\teste\\NinDuelist\\src\\buttons\\confirm-result.ts","all":false,"statementMap":{"0":{"start":{"line":1,"column":0},"end":{"line":1,"column":47}},"5":{"start":{"line":6,"column":0},"end":{"line":6,"column":75}},"6":{"start":{"line":7,"column":0},"end":{"line":7,"column":66}},"7":{"start":{"line":8,"column":0},"end":{"line":8,"column":34}},"8":{"start":{"line":9,"column":0},"end":{"line":9,"column":41}},"10":{"start":{"line":11,"column":0},"end":{"line":11,"column":55}},"11":{"start":{"line":12,"column":0},"end":{"line":12,"column":106}},"12":{"start":{"line":13,"column":0},"end":{"line":13,"column":11}},"13":{"start":{"line":14,"column":0},"end":{"line":14,"column":3}},"15":{"start":{"line":16,"column":0},"end":{"line":16,"column":55}},"16":{"start":{"line":17,"column":0},"end":{"line":17,"column":112}},"17":{"start":{"line":18,"column":0},"end":{"line":18,"column":11}},"18":{"start":{"line":19,"column":0},"end":{"line":19,"column":3}},"20":{"start":{"line":21,"column":0},"end":{"line":21,"column":46}},"21":{"start":{"line":22,"column":0},"end":{"line":22,"column":17}},"22":{"start":{"line":23,"column":0},"end":{"line":23,"column":93}},"23":{"start":{"line":24,"column":0},"end":{"line":24,"column":11}},"24":{"start":{"line":25,"column":0},"end":{"line":25,"column":3}},"27":{"start":{"line":28,"column":0},"end":{"line":28,"column":25}},"28":{"start":{"line":29,"column":0},"end":{"line":29,"column":19}},"29":{"start":{"line":30,"column":0},"end":{"line":30,"column":92}},"30":{"start":{"line":31,"column":0},"end":{"line":31,"column":67}},"31":{"start":{"line":32,"column":0},"end":{"line":32,"column":3}},"33":{"start":{"line":34,"column":0},"end":{"line":34,"column":40}},"34":{"start":{"line":35,"column":0},"end":{"line":35,"column":67}},"35":{"start":{"line":36,"column":0},"end":{"line":36,"column":1}}},"s":{"0":1,"5":6,"6":6,"7":6,"8":6,"10":6,"11":1,"12":1,"13":1,"15":6,"16":1,"17":1,"18":1,"20":4,"21":6,"22":1,"23":1,"24":1,"27":6,"28":2,"29":2,"30":2,"31":2,"33":3,"34":3,"35":3},"branchMap":{"0":{"type":"branch","line":6,"loc":{"start":{"line":6,"column":0},"end":{"line":36,"column":1}},"locations":[{"start":{"line":6,"column":0},"end":{"line":36,"column":1}}]},"1":{"type":"branch","line":11,"loc":{"start":{"line":11,"column":54},"end":{"line":14,"column":3}},"locations":[{"start":{"line":11,"column":54},"end":{"line":14,"column":3}}]},"2":{"type":"branch","line":14,"loc":{"start":{"line":14,"column":2},"end":{"line":16,"column":54}},"locations":[{"start":{"line":14,"column":2},"end":{"line":16,"column":54}}]},"3":{"type":"branch","line":16,"loc":{"start":{"line":16,"column":54},"end":{"line":19,"column":3}},"locations":[{"start":{"line":16,"column":54},"end":{"line":19,"column":3}}]},"4":{"type":"branch","line":19,"loc":{"start":{"line":19,"column":2},"end":{"line":22,"column":16}},"locations":[{"start":{"line":19,"column":2},"end":{"line":22,"column":16}}]},"5":{"type":"branch","line":22,"loc":{"start":{"line":22,"column":16},"end":{"line":25,"column":3}},"locations":[{"start":{"line":22,"column":16},"end":{"line":25,"column":3}}]},"6":{"type":"branch","line":25,"loc":{"start":{"line":25,"column":2},"end":{"line":28,"column":24}},"locations":[{"start":{"line":25,"column":2},"end":{"line":28,"column":24}}]},"7":{"type":"branch","line":28,"loc":{"start":{"line":28,"column":24},"end":{"line":32,"column":3}},"locations":[{"start":{"line":28,"column":24},"end":{"line":32,"column":3}}]},"8":{"type":"branch","line":30,"loc":{"start":{"line":30,"column":35},"end":{"line":30,"column":71}},"locations":[{"start":{"line":30,"column":35},"end":{"line":30,"column":71}}]},"9":{"type":"branch","line":30,"loc":{"start":{"line":30,"column":58},"end":{"line":30,"column":92}},"locations":[{"start":{"line":30,"column":58},"end":{"line":30,"column":92}}]},"10":{"type":"branch","line":32,"loc":{"start":{"line":32,"column":2},"end":{"line":36,"column":1}},"locations":[{"start":{"line":32,"column":2},"end":{"line":36,"column":1}}]}},"b":{"0":[6],"1":[1],"2":[5],"3":[1],"4":[4],"5":[1],"6":[3],"7":[2],"8":[1],"9":[1],"10":[3]},"fnMap":{"0":{"name":"handleConfirmResult","decl":{"start":{"line":6,"column":0},"end":{"line":36,"column":1}},"loc":{"start":{"line":6,"column":0},"end":{"line":36,"column":1}},"line":6}},"f":{"0":6}}
,"C:\\programming\\teste\\NinDuelist\\src\\buttons\\reject-result.ts": {"path":"C:\\programming\\teste\\NinDuelist\\src\\buttons\\reject-result.ts","all":false,"statementMap":{"0":{"start":{"line":1,"column":0},"end":{"line":1,"column":93}},"4":{"start":{"line":5,"column":0},"end":{"line":5,"column":74}},"5":{"start":{"line":6,"column":0},"end":{"line":6,"column":66}},"6":{"start":{"line":7,"column":0},"end":{"line":7,"column":34}},"7":{"start":{"line":8,"column":0},"end":{"line":8,"column":41}},"9":{"start":{"line":10,"column":0},"end":{"line":10,"column":55}},"10":{"start":{"line":11,"column":0},"end":{"line":11,"column":106}},"11":{"start":{"line":12,"column":0},"end":{"line":12,"column":11}},"12":{"start":{"line":13,"column":0},"end":{"line":13,"column":3}},"14":{"start":{"line":15,"column":0},"end":{"line":15,"column":72}},"15":{"start":{"line":16,"column":0},"end":{"line":16,"column":111}},"16":{"start":{"line":17,"column":0},"end":{"line":17,"column":11}},"17":{"start":{"line":18,"column":0},"end":{"line":18,"column":3}},"19":{"start":{"line":20,"column":0},"end":{"line":20,"column":45}},"20":{"start":{"line":21,"column":0},"end":{"line":21,"column":17}},"21":{"start":{"line":22,"column":0},"end":{"line":22,"column":92}},"22":{"start":{"line":23,"column":0},"end":{"line":23,"column":11}},"23":{"start":{"line":24,"column":0},"end":{"line":24,"column":3}},"25":{"start":{"line":26,"column":0},"end":{"line":26,"column":40}},"28":{"start":{"line":29,"column":0},"end":{"line":29,"column":66}},"29":{"start":{"line":30,"column":0},"end":{"line":30,"column":23}},"30":{"start":{"line":31,"column":0},"end":{"line":31,"column":46}},"31":{"start":{"line":32,"column":0},"end":{"line":32,"column":35}},"32":{"start":{"line":33,"column":0},"end":{"line":33,"column":37}},"33":{"start":{"line":34,"column":0},"end":{"line":34,"column":4}},"35":{"start":{"line":36,"column":0},"end":{"line":36,"column":70}},"36":{"start":{"line":37,"column":0},"end":{"line":37,"column":1}}},"s":{"0":1,"4":5,"5":5,"6":5,"7":5,"9":5,"10":1,"11":1,"12":1,"14":5,"15":2,"16":2,"17":2,"19":2,"20":5,"21":1,"22":1,"23":1,"25":1,"28":1,"29":1,"30":1,"31":1,"32":1,"33":1,"35":1,"36":1},"branchMap":{"0":{"type":"branch","line":5,"loc":{"start":{"line":5,"column":0},"end":{"line":37,"column":1}},"locations":[{"start":{"line":5,"column":0},"end":{"line":37,"column":1}}]},"1":{"type":"branch","line":10,"loc":{"start":{"line":10,"column":54},"end":{"line":13,"column":3}},"locations":[{"start":{"line":10,"column":54},"end":{"line":13,"column":3}}]},"2":{"type":"branch","line":13,"loc":{"start":{"line":13,"column":2},"end":{"line":15,"column":23}},"locations":[{"start":{"line":13,"column":2},"end":{"line":15,"column":23}}]},"3":{"type":"branch","line":15,"loc":{"start":{"line":15,"column":12},"end":{"line":15,"column":71}},"locations":[{"start":{"line":15,"column":12},"end":{"line":15,"column":71}}]},"4":{"type":"branch","line":15,"loc":{"start":{"line":15,"column":71},"end":{"line":21,"column":16}},"locations":[{"start":{"line":15,"column":71},"end":{"line":21,"column":16}}]},"5":{"type":"branch","line":21,"loc":{"start":{"line":21,"column":16},"end":{"line":37,"column":1}},"locations":[{"start":{"line":21,"column":16},"end":{"line":37,"column":1}}]}},"b":{"0":[5],"1":[1],"2":[4],"3":[3],"4":[2],"5":[1]},"fnMap":{"0":{"name":"handleRejectResult","decl":{"start":{"line":5,"column":0},"end":{"line":37,"column":1}},"loc":{"start":{"line":5,"column":0},"end":{"line":37,"column":1}},"line":5}},"f":{"0":5}}
,"C:\\programming\\teste\\NinDuelist\\src\\buttons\\start-duel.ts": {"path":"C:\\programming\\teste\\NinDuelist\\src\\buttons\\start-duel.ts","all":false,"statementMap":{"0":{"start":{"line":1,"column":0},"end":{"line":1,"column":93}},"4":{"start":{"line":5,"column":0},"end":{"line":5,"column":71}},"5":{"start":{"line":6,"column":0},"end":{"line":6,"column":66}},"6":{"start":{"line":7,"column":0},"end":{"line":7,"column":34}},"7":{"start":{"line":8,"column":0},"end":{"line":8,"column":41}},"9":{"start":{"line":10,"column":0},"end":{"line":10,"column":44}},"10":{"start":{"line":11,"column":0},"end":{"line":11,"column":98}},"11":{"start":{"line":12,"column":0},"end":{"line":12,"column":11}},"12":{"start":{"line":13,"column":0},"end":{"line":13,"column":3}},"15":{"start":{"line":16,"column":0},"end":{"line":16,"column":23}},"16":{"start":{"line":17,"column":0},"end":{"line":17,"column":56}},"17":{"start":{"line":18,"column":0},"end":{"line":18,"column":52}},"19":{"start":{"line":20,"column":0},"end":{"line":20,"column":23}},"20":{"start":{"line":21,"column":0},"end":{"line":21,"column":107}},"21":{"start":{"line":22,"column":0},"end":{"line":22,"column":11}},"22":{"start":{"line":23,"column":0},"end":{"line":23,"column":3}},"24":{"start":{"line":25,"column":0},"end":{"line":25,"column":42}},"25":{"start":{"line":26,"column":0},"end":{"line":26,"column":17}},"26":{"start":{"line":27,"column":0},"end":{"line":27,"column":87}},"27":{"start":{"line":28,"column":0},"end":{"line":28,"column":11}},"28":{"start":{"line":29,"column":0},"end":{"line":29,"column":3}},"30":{"start":{"line":31,"column":0},"end":{"line":31,"column":40}},"32":{"start":{"line":33,"column":0},"end":{"line":33,"column":66}},"33":{"start":{"line":34,"column":0},"end":{"line":34,"column":23}},"34":{"start":{"line":35,"column":0},"end":{"line":35,"column":46}},"35":{"start":{"line":36,"column":0},"end":{"line":36,"column":35}},"36":{"start":{"line":37,"column":0},"end":{"line":37,"column":37}},"37":{"start":{"line":38,"column":0},"end":{"line":38,"column":23}},"38":{"start":{"line":39,"column":0},"end":{"line":39,"column":44}},"39":{"start":{"line":40,"column":0},"end":{"line":40,"column":27}},"40":{"start":{"line":41,"column":0},"end":{"line":41,"column":36}},"41":{"start":{"line":42,"column":0},"end":{"line":42,"column":4}},"43":{"start":{"line":44,"column":0},"end":{"line":44,"column":70}},"44":{"start":{"line":45,"column":0},"end":{"line":45,"column":1}}},"s":{"0":1,"4":4,"5":4,"6":4,"7":4,"9":4,"10":1,"11":1,"12":1,"15":3,"16":3,"17":1,"19":4,"20":1,"21":1,"22":1,"24":2,"25":4,"26":1,"27":1,"28":1,"30":1,"32":1,"33":1,"34":1,"35":1,"36":1,"37":1,"38":1,"39":1,"40":1,"41":1,"43":1,"44":1},"branchMap":{"0":{"type":"branch","line":5,"loc":{"start":{"line":5,"column":0},"end":{"line":45,"column":1}},"locations":[{"start":{"line":5,"column":0},"end":{"line":45,"column":1}}]},"1":{"type":"branch","line":10,"loc":{"start":{"line":10,"column":43},"end":{"line":13,"column":3}},"locations":[{"start":{"line":10,"column":43},"end":{"line":13,"column":3}}]},"2":{"type":"branch","line":13,"loc":{"start":{"line":13,"column":2},"end":{"line":17,"column":56}},"locations":[{"start":{"line":13,"column":2},"end":{"line":17,"column":56}}]},"3":{"type":"branch","line":17,"loc":{"start":{"line":17,"column":44},"end":{"line":18,"column":52}},"locations":[{"start":{"line":17,"column":44},"end":{"line":18,"column":52}}]},"4":{"type":"branch","line":20,"loc":{"start":{"line":20,"column":22},"end":{"line":23,"column":3}},"locations":[{"start":{"line":20,"column":22},"end":{"line":23,"column":3}}]},"5":{"type":"branch","line":23,"loc":{"start":{"line":23,"column":2},"end":{"line":26,"column":16}},"locations":[{"start":{"line":23,"column":2},"end":{"line":26,"column":16}}]},"6":{"type":"branch","line":26,"loc":{"start":{"line":26,"column":16},"end":{"line":45,"column":1}},"locations":[{"start":{"line":26,"column":16},"end":{"line":45,"column":1}}]}},"b":{"0":[4],"1":[1],"2":[3],"3":[1],"4":[1],"5":[2],"6":[1]},"fnMap":{"0":{"name":"handleStartDuel","decl":{"start":{"line":5,"column":0},"end":{"line":45,"column":1}},"loc":{"start":{"line":5,"column":0},"end":{"line":45,"column":1}},"line":5}},"f":{"0":4}}
,"C:\\programming\\teste\\NinDuelist\\src\\buttons\\submit-result.ts": {"path":"C:\\programming\\teste\\NinDuelist\\src\\buttons\\submit-result.ts","all":false,"statementMap":{"0":{"start":{"line":1,"column":0},"end":{"line":1,"column":8}},"9":{"start":{"line":10,"column":0},"end":{"line":10,"column":74}},"10":{"start":{"line":11,"column":0},"end":{"line":11,"column":66}},"11":{"start":{"line":12,"column":0},"end":{"line":12,"column":41}},"13":{"start":{"line":14,"column":0},"end":{"line":14,"column":47}},"14":{"start":{"line":15,"column":0},"end":{"line":15,"column":95}},"15":{"start":{"line":16,"column":0},"end":{"line":16,"column":11}},"16":{"start":{"line":17,"column":0},"end":{"line":17,"column":3}},"18":{"start":{"line":19,"column":0},"end":{"line":19,"column":23}},"19":{"start":{"line":20,"column":0},"end":{"line":20,"column":56}},"20":{"start":{"line":21,"column":0},"end":{"line":21,"column":52}},"22":{"start":{"line":23,"column":0},"end":{"line":23,"column":23}},"23":{"start":{"line":24,"column":0},"end":{"line":24,"column":107}},"24":{"start":{"line":25,"column":0},"end":{"line":25,"column":11}},"25":{"start":{"line":26,"column":0},"end":{"line":26,"column":3}},"27":{"start":{"line":28,"column":0},"end":{"line":28,"column":66}},"29":{"start":{"line":30,"column":0},"end":{"line":30,"column":34}},"30":{"start":{"line":31,"column":0},"end":{"line":31,"column":43}},"31":{"start":{"line":32,"column":0},"end":{"line":32,"column":43}},"33":{"start":{"line":34,"column":0},"end":{"line":34,"column":44}},"34":{"start":{"line":35,"column":0},"end":{"line":35,"column":26}},"35":{"start":{"line":36,"column":0},"end":{"line":36,"column":53}},"36":{"start":{"line":37,"column":0},"end":{"line":37,"column":81}},"37":{"start":{"line":38,"column":0},"end":{"line":38,"column":35}},"38":{"start":{"line":39,"column":0},"end":{"line":39,"column":23}},"40":{"start":{"line":41,"column":0},"end":{"line":41,"column":49}},"41":{"start":{"line":42,"column":0},"end":{"line":42,"column":32}},"42":{"start":{"line":43,"column":0},"end":{"line":43,"column":35}},"43":{"start":{"line":44,"column":0},"end":{"line":44,"column":54}},"44":{"start":{"line":45,"column":0},"end":{"line":45,"column":35}},"45":{"start":{"line":46,"column":0},"end":{"line":46,"column":23}},"47":{"start":{"line":48,"column":0},"end":{"line":48,"column":48}},"48":{"start":{"line":49,"column":0},"end":{"line":49,"column":31}},"49":{"start":{"line":50,"column":0},"end":{"line":50,"column":35}},"50":{"start":{"line":51,"column":0},"end":{"line":51,"column":59}},"51":{"start":{"line":52,"column":0},"end":{"line":52,"column":35}},"52":{"start":{"line":53,"column":0},"end":{"line":53,"column":23}},"54":{"start":{"line":55,"column":0},"end":{"line":55,"column":22}},"55":{"start":{"line":56,"column":0},"end":{"line":56,"column":72}},"56":{"start":{"line":57,"column":0},"end":{"line":57,"column":77}},"57":{"start":{"line":58,"column":0},"end":{"line":58,"column":76}},"58":{"start":{"line":59,"column":0},"end":{"line":59,"column":4}},"60":{"start":{"line":61,"column":0},"end":{"line":61,"column":37}},"61":{"start":{"line":62,"column":0},"end":{"line":62,"column":1}}},"s":{"0":1,"9":4,"10":4,"11":4,"13":4,"14":1,"15":1,"16":1,"18":3,"19":3,"20":1,"22":4,"23":1,"24":1,"25":1,"27":4,"29":4,"30":4,"31":4,"33":4,"34":4,"35":4,"36":4,"37":4,"38":4,"40":4,"41":4,"42":4,"43":4,"44":4,"45":4,"47":4,"48":4,"49":4,"50":4,"51":4,"52":4,"54":4,"55":4,"56":4,"57":4,"58":4,"60":4,"61":2},"branchMap":{"0":{"type":"branch","line":10,"loc":{"start":{"line":10,"column":0},"end":{"line":62,"column":1}},"locations":[{"start":{"line":10,"column":0},"end":{"line":62,"column":1}}]},"1":{"type":"branch","line":14,"loc":{"start":{"line":14,"column":46},"end":{"line":17,"column":3}},"locations":[{"start":{"line":14,"column":46},"end":{"line":17,"column":3}}]},"2":{"type":"branch","line":17,"loc":{"start":{"line":17,"column":2},"end":{"line":20,"column":56}},"locations":[{"start":{"line":17,"column":2},"end":{"line":20,"column":56}}]},"3":{"type":"branch","line":20,"loc":{"start":{"line":20,"column":44},"end":{"line":21,"column":52}},"locations":[{"start":{"line":20,"column":44},"end":{"line":21,"column":52}}]},"4":{"type":"branch","line":23,"loc":{"start":{"line":23,"column":22},"end":{"line":26,"column":3}},"locations":[{"start":{"line":23,"column":22},"end":{"line":26,"column":3}}]},"5":{"type":"branch","line":26,"loc":{"start":{"line":26,"column":2},"end":{"line":28,"column":45}},"locations":[{"start":{"line":26,"column":2},"end":{"line":28,"column":45}}]},"6":{"type":"branch","line":28,"loc":{"start":{"line":28,"column":37},"end":{"line":28,"column":53}},"locations":[{"start":{"line":28,"column":37},"end":{"line":28,"column":53}}]},"7":{"type":"branch","line":28,"loc":{"start":{"line":28,"column":45},"end":{"line":28,"column":66}},"locations":[{"start":{"line":28,"column":45},"end":{"line":28,"column":66}}]},"8":{"type":"branch","line":44,"loc":{"start":{"line":44,"column":36},"end":{"line":44,"column":50}},"locations":[{"start":{"line":44,"column":36},"end":{"line":44,"column":50}}]},"9":{"type":"branch","line":44,"loc":{"start":{"line":44,"column":44},"end":{"line":44,"column":53}},"locations":[{"start":{"line":44,"column":44},"end":{"line":44,"column":53}}]},"10":{"type":"branch","line":51,"loc":{"start":{"line":51,"column":36},"end":{"line":51,"column":50}},"locations":[{"start":{"line":51,"column":36},"end":{"line":51,"column":50}}]},"11":{"type":"branch","line":51,"loc":{"start":{"line":51,"column":44},"end":{"line":51,"column":58}},"locations":[{"start":{"line":51,"column":44},"end":{"line":51,"column":58}}]},"12":{"type":"branch","line":61,"loc":{"start":{"line":61,"column":35},"end":{"line":62,"column":1}},"locations":[{"start":{"line":61,"column":35},"end":{"line":62,"column":1}}]}},"b":{"0":[4],"1":[1],"2":[3],"3":[1],"4":[1],"5":[2],"6":[1],"7":[1],"8":[1],"9":[1],"10":[1],"11":[1],"12":[2]},"fnMap":{"0":{"name":"handleSubmitResult","decl":{"start":{"line":10,"column":0},"end":{"line":62,"column":1}},"loc":{"start":{"line":10,"column":0},"end":{"line":62,"column":1}},"line":10}},"f":{"0":4}}
,"C:\\programming\\teste\\NinDuelist\\src\\commands\\duel.ts": {"path":"C:\\programming\\teste\\NinDuelist\\src\\commands\\duel.ts","all":false,"statementMap":{"0":{"start":{"line":1,"column":0},"end":{"line":1,"column":8}},"13":{"start":{"line":14,"column":0},"end":{"line":14,"column":83}},"14":{"start":{"line":15,"column":0},"end":{"line":15,"column":41}},"15":{"start":{"line":16,"column":0},"end":{"line":16,"column":16}},"16":{"start":{"line":17,"column":0},"end":{"line":17,"column":94}},"17":{"start":{"line":18,"column":0},"end":{"line":18,"column":11}},"18":{"start":{"line":19,"column":0},"end":{"line":19,"column":3}},"20":{"start":{"line":21,"column":0},"end":{"line":21,"column":69}},"21":{"start":{"line":22,"column":0},"end":{"line":22,"column":77}},"22":{"start":{"line":23,"column":0},"end":{"line":23,"column":67}},"25":{"start":{"line":26,"column":0},"end":{"line":26,"column":48}},"26":{"start":{"line":27,"column":0},"end":{"line":27,"column":99}},"27":{"start":{"line":28,"column":0},"end":{"line":28,"column":11}},"28":{"start":{"line":29,"column":0},"end":{"line":29,"column":3}},"30":{"start":{"line":31,"column":0},"end":{"line":31,"column":25}},"31":{"start":{"line":32,"column":0},"end":{"line":32,"column":97}},"32":{"start":{"line":33,"column":0},"end":{"line":33,"column":11}},"33":{"start":{"line":34,"column":0},"end":{"line":34,"column":3}},"35":{"start":{"line":36,"column":0},"end":{"line":36,"column":24}},"36":{"start":{"line":37,"column":0},"end":{"line":37,"column":95}},"37":{"start":{"line":38,"column":0},"end":{"line":38,"column":11}},"38":{"start":{"line":39,"column":0},"end":{"line":39,"column":3}},"40":{"start":{"line":41,"column":0},"end":{"line":41,"column":85}},"41":{"start":{"line":42,"column":0},"end":{"line":42,"column":29}},"42":{"start":{"line":43,"column":0},"end":{"line":43,"column":61}},"43":{"start":{"line":44,"column":0},"end":{"line":44,"column":22}},"44":{"start":{"line":45,"column":0},"end":{"line":45,"column":7}},"45":{"start":{"line":46,"column":0},"end":{"line":46,"column":11}},"46":{"start":{"line":47,"column":0},"end":{"line":47,"column":3}},"48":{"start":{"line":49,"column":0},"end":{"line":49,"column":33}},"51":{"start":{"line":52,"column":0},"end":{"line":52,"column":93}},"52":{"start":{"line":53,"column":0},"end":{"line":53,"column":83}},"53":{"start":{"line":54,"column":0},"end":{"line":54,"column":80}},"56":{"start":{"line":57,"column":0},"end":{"line":57,"column":43}},"57":{"start":{"line":58,"column":0},"end":{"line":58,"column":96}},"58":{"start":{"line":59,"column":0},"end":{"line":59,"column":11}},"59":{"start":{"line":60,"column":0},"end":{"line":60,"column":3}},"61":{"start":{"line":62,"column":0},"end":{"line":62,"column":41}},"62":{"start":{"line":63,"column":0},"end":{"line":63,"column":80}},"63":{"start":{"line":64,"column":0},"end":{"line":64,"column":11}},"64":{"start":{"line":65,"column":0},"end":{"line":65,"column":3}},"67":{"start":{"line":68,"column":0},"end":{"line":68,"column":65}},"68":{"start":{"line":69,"column":0},"end":{"line":69,"column":17}},"69":{"start":{"line":70,"column":0},"end":{"line":70,"column":32}},"70":{"start":{"line":71,"column":0},"end":{"line":71,"column":75}},"71":{"start":{"line":72,"column":0},"end":{"line":72,"column":6}},"72":{"start":{"line":73,"column":0},"end":{"line":73,"column":11}},"73":{"start":{"line":74,"column":0},"end":{"line":74,"column":3}},"76":{"start":{"line":77,"column":0},"end":{"line":77,"column":33}},"77":{"start":{"line":78,"column":0},"end":{"line":78,"column":32}},"78":{"start":{"line":79,"column":0},"end":{"line":79,"column":28}},"79":{"start":{"line":80,"column":0},"end":{"line":80,"column":26}},"80":{"start":{"line":81,"column":0},"end":{"line":81,"column":24}},"81":{"start":{"line":82,"column":0},"end":{"line":82,"column":11}},"82":{"start":{"line":83,"column":0},"end":{"line":83,"column":37}},"83":{"start":{"line":84,"column":0},"end":{"line":84,"column":5}},"85":{"start":{"line":86,"column":0},"end":{"line":86,"column":37}},"88":{"start":{"line":89,"column":0},"end":{"line":89,"column":66}},"89":{"start":{"line":90,"column":0},"end":{"line":90,"column":23}},"90":{"start":{"line":91,"column":0},"end":{"line":91,"column":44}},"91":{"start":{"line":92,"column":0},"end":{"line":92,"column":32}},"92":{"start":{"line":93,"column":0},"end":{"line":93,"column":37}},"93":{"start":{"line":94,"column":0},"end":{"line":94,"column":23}},"94":{"start":{"line":95,"column":0},"end":{"line":95,"column":47}},"95":{"start":{"line":96,"column":0},"end":{"line":96,"column":39}},"96":{"start":{"line":97,"column":0},"end":{"line":97,"column":37}},"97":{"start":{"line":98,"column":0},"end":{"line":98,"column":23}},"98":{"start":{"line":99,"column":0},"end":{"line":99,"column":44}},"99":{"start":{"line":100,"column":0},"end":{"line":100,"column":27}},"100":{"start":{"line":101,"column":0},"end":{"line":101,"column":36}},"101":{"start":{"line":102,"column":0},"end":{"line":102,"column":4}},"104":{"start":{"line":105,"column":0},"end":{"line":105,"column":45}},"105":{"start":{"line":106,"column":0},"end":{"line":106,"column":83}},"106":{"start":{"line":107,"column":0},"end":{"line":107,"column":20}},"107":{"start":{"line":108,"column":0},"end":{"line":108,"column":22}},"108":{"start":{"line":109,"column":0},"end":{"line":109,"column":5}},"110":{"start":{"line":111,"column":0},"end":{"line":111,"column":40}},"111":{"start":{"line":112,"column":0},"end":{"line":112,"column":1}}},"s":{"0":1,"13":10,"14":10,"15":10,"16":1,"17":1,"18":1,"20":9,"21":9,"22":9,"25":10,"26":1,"27":1,"28":1,"30":10,"31":1,"32":1,"33":1,"35":10,"36":1,"37":1,"38":1,"40":10,"41":1,"42":1,"43":1,"44":1,"45":1,"46":1,"48":5,"51":5,"52":4,"53":4,"56":10,"57":1,"58":1,"59":1,"61":10,"62":1,"63":1,"64":1,"67":2,"68":10,"69":1,"70":1,"71":1,"72":1,"73":1,"76":1,"77":1,"78":1,"79":1,"80":1,"81":1,"82":1,"83":1,"85":1,"88":1,"89":1,"90":1,"91":1,"92":1,"93":1,"94":1,"95":1,"96":1,"97":1,"98":1,"99":1,"100":1,"101":1,"104":1,"105":1,"106":1,"107":1,"108":1,"110":1,"111":1},"branchMap":{"0":{"type":"branch","line":14,"loc":{"start":{"line":14,"column":0},"end":{"line":112,"column":1}},"locations":[{"start":{"line":14,"column":0},"end":{"line":112,"column":1}}]},"1":{"type":"branch","line":16,"loc":{"start":{"line":16,"column":15},"end":{"line":19,"column":3}},"locations":[{"start":{"line":16,"column":15},"end":{"line":19,"column":3}}]},"2":{"type":"branch","line":19,"loc":{"start":{"line":19,"column":2},"end":{"line":26,"column":47}},"locations":[{"start":{"line":19,"column":2},"end":{"line":26,"column":47}}]},"3":{"type":"branch","line":26,"loc":{"start":{"line":26,"column":47},"end":{"line":29,"column":3}},"locations":[{"start":{"line":26,"column":47},"end":{"line":29,"column":3}}]},"4":{"type":"branch","line":29,"loc":{"start":{"line":29,"column":2},"end":{"line":31,"column":24}},"locations":[{"start":{"line":29,"column":2},"end":{"line":31,"column":24}}]},"5":{"type":"branch","line":31,"loc":{"start":{"line":31,"column":24},"end":{"line":34,"column":3}},"locations":[{"start":{"line":31,"column":24},"end":{"line":34,"column":3}}]},"6":{"type":"branch","line":34,"loc":{"start":{"line":34,"column":2},"end":{"line":36,"column":23}},"locations":[{"start":{"line":34,"column":2},"end":{"line":36,"column":23}}]},"7":{"type":"branch","line":36,"loc":{"start":{"line":36,"column":23},"end":{"line":39,"column":3}},"locations":[{"start":{"line":36,"column":23},"end":{"line":39,"column":3}}]},"8":{"type":"branch","line":39,"loc":{"start":{"line":39,"column":2},"end":{"line":41,"column":84}},"locations":[{"start":{"line":39,"column":2},"end":{"line":41,"column":84}}]},"9":{"type":"branch","line":41,"loc":{"start":{"line":41,"column":84},"end":{"line":47,"column":3}},"locations":[{"start":{"line":41,"column":84},"end":{"line":47,"column":3}}]},"10":{"type":"branch","line":47,"loc":{"start":{"line":47,"column":2},"end":{"line":52,"column":93}},"locations":[{"start":{"line":47,"column":2},"end":{"line":52,"column":93}}]},"11":{"type":"branch","line":52,"loc":{"start":{"line":52,"column":91},"end":{"line":57,"column":42}},"locations":[{"start":{"line":52,"column":91},"end":{"line":57,"column":42}}]},"12":{"type":"branch","line":57,"loc":{"start":{"line":57,"column":42},"end":{"line":60,"column":3}},"locations":[{"start":{"line":57,"column":42},"end":{"line":60,"column":3}}]},"13":{"type":"branch","line":60,"loc":{"start":{"line":60,"column":2},"end":{"line":62,"column":40}},"locations":[{"start":{"line":60,"column":2},"end":{"line":62,"column":40}}]},"14":{"type":"branch","line":62,"loc":{"start":{"line":62,"column":40},"end":{"line":65,"column":3}},"locations":[{"start":{"line":62,"column":40},"end":{"line":65,"column":3}}]},"15":{"type":"branch","line":65,"loc":{"start":{"line":65,"column":2},"end":{"line":69,"column":16}},"locations":[{"start":{"line":65,"column":2},"end":{"line":69,"column":16}}]},"16":{"type":"branch","line":69,"loc":{"start":{"line":69,"column":16},"end":{"line":112,"column":1}},"locations":[{"start":{"line":69,"column":16},"end":{"line":112,"column":1}}]}},"b":{"0":[10],"1":[1],"2":[9],"3":[1],"4":[8],"5":[1],"6":[7],"7":[1],"8":[6],"9":[1],"10":[5],"11":[4],"12":[1],"13":[3],"14":[1],"15":[2],"16":[1]},"fnMap":{"0":{"name":"handleDuelCommand","decl":{"start":{"line":14,"column":0},"end":{"line":112,"column":1}},"loc":{"start":{"line":14,"column":0},"end":{"line":112,"column":1}},"line":14}},"f":{"0":10}}
,"C:\\programming\\teste\\NinDuelist\\src\\commands\\mvp.ts": {"path":"C:\\programming\\teste\\NinDuelist\\src\\commands\\mvp.ts","all":false,"statementMap":{"0":{"start":{"line":1,"column":0},"end":{"line":1,"column":57}},"5":{"start":{"line":6,"column":0},"end":{"line":6,"column":82}},"6":{"start":{"line":7,"column":0},"end":{"line":7,"column":33}},"8":{"start":{"line":9,"column":0},"end":{"line":9,"column":41}},"9":{"start":{"line":10,"column":0},"end":{"line":10,"column":16}},"10":{"start":{"line":11,"column":0},"end":{"line":11,"column":81}},"11":{"start":{"line":12,"column":0},"end":{"line":12,"column":11}},"12":{"start":{"line":13,"column":0},"end":{"line":13,"column":3}},"14":{"start":{"line":15,"column":0},"end":{"line":15,"column":48}},"15":{"start":{"line":16,"column":0},"end":{"line":16,"column":50}},"17":{"start":{"line":18,"column":0},"end":{"line":18,"column":51}},"18":{"start":{"line":19,"column":0},"end":{"line":19,"column":1}}},"s":{"0":1,"5":3,"6":3,"8":3,"9":3,"10":1,"11":1,"12":1,"14":1,"15":1,"17":1,"18":1},"branchMap":{"0":{"type":"branch","line":6,"loc":{"start":{"line":6,"column":0},"end":{"line":19,"column":1}},"locations":[{"start":{"line":6,"column":0},"end":{"line":19,"column":1}}]},"1":{"type":"branch","line":9,"loc":{"start":{"line":9,"column":39},"end":{"line":10,"column":15}},"locations":[{"start":{"line":9,"column":39},"end":{"line":10,"column":15}}]},"2":{"type":"branch","line":10,"loc":{"start":{"line":10,"column":15},"end":{"line":19,"column":1}},"locations":[{"start":{"line":10,"column":15},"end":{"line":19,"column":1}}]}},"b":{"0":[3],"1":[2],"2":[1]},"fnMap":{"0":{"name":"handleMvpCommand","decl":{"start":{"line":6,"column":0},"end":{"line":19,"column":1}},"loc":{"start":{"line":6,"column":0},"end":{"line":19,"column":1}},"line":6}},"f":{"0":3}}
,"C:\\programming\\teste\\NinDuelist\\src\\commands\\rank.ts": {"path":"C:\\programming\\teste\\NinDuelist\\src\\commands\\rank.ts","all":false,"statementMap":{"0":{"start":{"line":1,"column":0},"end":{"line":1,"column":57}},"7":{"start":{"line":8,"column":0},"end":{"line":8,"column":83}},"8":{"start":{"line":9,"column":0},"end":{"line":9,"column":33}},"10":{"start":{"line":11,"column":0},"end":{"line":11,"column":41}},"11":{"start":{"line":12,"column":0},"end":{"line":12,"column":16}},"12":{"start":{"line":13,"column":0},"end":{"line":13,"column":81}},"13":{"start":{"line":14,"column":0},"end":{"line":14,"column":11}},"14":{"start":{"line":15,"column":0},"end":{"line":15,"column":3}},"16":{"start":{"line":17,"column":0},"end":{"line":17,"column":59}},"17":{"start":{"line":18,"column":0},"end":{"line":18,"column":55}},"19":{"start":{"line":20,"column":0},"end":{"line":20,"column":33}},"20":{"start":{"line":21,"column":0},"end":{"line":21,"column":93}},"21":{"start":{"line":22,"column":0},"end":{"line":22,"column":11}},"22":{"start":{"line":23,"column":0},"end":{"line":23,"column":3}},"24":{"start":{"line":25,"column":0},"end":{"line":25,"column":52}},"25":{"start":{"line":26,"column":0},"end":{"line":26,"column":105}},"26":{"start":{"line":27,"column":0},"end":{"line":27,"column":65}},"28":{"start":{"line":29,"column":0},"end":{"line":29,"column":70}},"29":{"start":{"line":30,"column":0},"end":{"line":30,"column":1}}},"s":{"0":1,"7":5,"8":5,"10":5,"11":5,"12":1,"13":1,"14":1,"16":5,"17":5,"19":5,"20":1,"21":1,"22":1,"24":2,"25":2,"26":2,"28":2,"29":2},"branchMap":{"0":{"type":"branch","line":8,"loc":{"start":{"line":8,"column":0},"end":{"line":30,"column":1}},"locations":[{"start":{"line":8,"column":0},"end":{"line":30,"column":1}}]},"1":{"type":"branch","line":11,"loc":{"start":{"line":11,"column":39},"end":{"line":12,"column":15}},"locations":[{"start":{"line":11,"column":39},"end":{"line":12,"column":15}}]},"2":{"type":"branch","line":12,"loc":{"start":{"line":12,"column":15},"end":{"line":15,"column":3}},"locations":[{"start":{"line":12,"column":15},"end":{"line":15,"column":3}}]},"3":{"type":"branch","line":15,"loc":{"start":{"line":15,"column":2},"end":{"line":17,"column":57}},"locations":[{"start":{"line":15,"column":2},"end":{"line":17,"column":57}}]},"4":{"type":"branch","line":17,"loc":{"start":{"line":17,"column":52},"end":{"line":17,"column":59}},"locations":[{"start":{"line":17,"column":52},"end":{"line":17,"column":59}}]},"5":{"type":"branch","line":18,"loc":{"start":{"line":18,"column":53},"end":{"line":20,"column":32}},"locations":[{"start":{"line":18,"column":53},"end":{"line":20,"column":32}}]},"6":{"type":"branch","line":20,"loc":{"start":{"line":20,"column":32},"end":{"line":23,"column":3}},"locations":[{"start":{"line":20,"column":32},"end":{"line":23,"column":3}}]},"7":{"type":"branch","line":23,"loc":{"start":{"line":23,"column":2},"end":{"line":30,"column":1}},"locations":[{"start":{"line":23,"column":2},"end":{"line":30,"column":1}}]}},"b":{"0":[5],"1":[4],"2":[1],"3":[3],"4":[1],"5":[3],"6":[1],"7":[2]},"fnMap":{"0":{"name":"handleRankCommand","decl":{"start":{"line":8,"column":0},"end":{"line":30,"column":1}},"loc":{"start":{"line":8,"column":0},"end":{"line":30,"column":1}},"line":8}},"f":{"0":5}}
,"C:\\programming\\teste\\NinDuelist\\src\\events\\interactionCreate.ts": {"path":"C:\\programming\\teste\\NinDuelist\\src\\events\\interactionCreate.ts","all":false,"statementMap":{"0":{"start":{"line":1,"column":0},"end":{"line":1,"column":8}},"21":{"start":{"line":22,"column":0},"end":{"line":22,"column":92}},"22":{"start":{"line":23,"column":0},"end":{"line":23,"column":26}},"23":{"start":{"line":24,"column":0},"end":{"line":24,"column":26}},"24":{"start":{"line":25,"column":0},"end":{"line":25,"column":24}},"25":{"start":{"line":26,"column":0},"end":{"line":26,"column":2}},"27":{"start":{"line":28,"column":0},"end":{"line":28,"column":81}},"28":{"start":{"line":29,"column":0},"end":{"line":29,"column":34}},"29":{"start":{"line":30,"column":0},"end":{"line":30,"column":40}},"30":{"start":{"line":31,"column":0},"end":{"line":31,"column":32}},"31":{"start":{"line":32,"column":0},"end":{"line":32,"column":38}},"32":{"start":{"line":33,"column":0},"end":{"line":33,"column":40}},"33":{"start":{"line":34,"column":0},"end":{"line":34,"column":38}},"34":{"start":{"line":35,"column":0},"end":{"line":35,"column":34}},"35":{"start":{"line":36,"column":0},"end":{"line":36,"column":2}},"37":{"start":{"line":38,"column":0},"end":{"line":38,"column":58}},"38":{"start":{"line":39,"column":0},"end":{"line":39,"column":75}},"39":{"start":{"line":40,"column":0},"end":{"line":40,"column":9}},"40":{"start":{"line":41,"column":0},"end":{"line":41,"column":45}},"41":{"start":{"line":42,"column":0},"end":{"line":42,"column":65}},"42":{"start":{"line":43,"column":0},"end":{"line":43,"column":48}},"43":{"start":{"line":44,"column":0},"end":{"line":44,"column":15}},"44":{"start":{"line":45,"column":0},"end":{"line":45,"column":7}},"46":{"start":{"line":47,"column":0},"end":{"line":47,"column":35}},"48":{"start":{"line":49,"column":0},"end":{"line":49,"column":60}},"49":{"start":{"line":50,"column":0},"end":{"line":50,"column":50}},"50":{"start":{"line":51,"column":0},"end":{"line":51,"column":17}},"51":{"start":{"line":52,"column":0},"end":{"line":52,"column":9}},"54":{"start":{"line":55,"column":0},"end":{"line":55,"column":57}},"55":{"start":{"line":56,"column":0},"end":{"line":56,"column":47}},"56":{"start":{"line":57,"column":0},"end":{"line":57,"column":48}},"57":{"start":{"line":58,"column":0},"end":{"line":58,"column":15}},"58":{"start":{"line":59,"column":0},"end":{"line":59,"column":7}},"60":{"start":{"line":61,"column":0},"end":{"line":61,"column":40}},"61":{"start":{"line":62,"column":0},"end":{"line":62,"column":63}},"62":{"start":{"line":63,"column":0},"end":{"line":63,"column":52}},"63":{"start":{"line":64,"column":0},"end":{"line":64,"column":9}},"64":{"start":{"line":65,"column":0},"end":{"line":65,"column":15}},"65":{"start":{"line":66,"column":0},"end":{"line":66,"column":7}},"66":{"start":{"line":67,"column":0},"end":{"line":67,"column":21}},"67":{"start":{"line":68,"column":0},"end":{"line":68,"column":59}},"68":{"start":{"line":69,"column":0},"end":{"line":69,"column":92}},"69":{"start":{"line":70,"column":0},"end":{"line":70,"column":38}},"70":{"start":{"line":71,"column":0},"end":{"line":71,"column":58}},"71":{"start":{"line":72,"column":0},"end":{"line":72,"column":60}},"72":{"start":{"line":73,"column":0},"end":{"line":73,"column":16}},"73":{"start":{"line":74,"column":0},"end":{"line":74,"column":57}},"74":{"start":{"line":75,"column":0},"end":{"line":75,"column":9}},"75":{"start":{"line":76,"column":0},"end":{"line":76,"column":7}},"76":{"start":{"line":77,"column":0},"end":{"line":77,"column":5}},"77":{"start":{"line":78,"column":0},"end":{"line":78,"column":5}},"78":{"start":{"line":79,"column":0},"end":{"line":79,"column":1}}},"s":{"0":1,"21":1,"22":1,"23":1,"24":1,"25":1,"27":1,"28":1,"29":1,"30":1,"31":1,"32":1,"33":1,"34":1,"35":1,"37":1,"38":11,"39":20,"40":20,"41":8,"42":8,"43":4,"44":4,"46":20,"48":10,"49":2,"50":1,"51":1,"54":8,"55":8,"56":10,"57":8,"58":8,"60":2,"61":2,"62":1,"63":1,"64":2,"65":2,"66":20,"67":5,"68":5,"69":5,"70":4,"71":2,"72":2,"73":2,"74":2,"75":4,"76":5,"77":11,"78":11},"branchMap":{"0":{"type":"branch","line":38,"loc":{"start":{"line":38,"column":7},"end":{"line":79,"column":1}},"locations":[{"start":{"line":38,"column":7},"end":{"line":79,"column":1}}]},"1":{"type":"branch","line":39,"loc":{"start":{"line":39,"column":38},"end":{"line":78,"column":3}},"locations":[{"start":{"line":39,"column":38},"end":{"line":78,"column":3}}]},"2":{"type":"branch","line":41,"loc":{"start":{"line":41,"column":44},"end":{"line":45,"column":7}},"locations":[{"start":{"line":41,"column":44},"end":{"line":45,"column":7}}]},"3":{"type":"branch","line":43,"loc":{"start":{"line":43,"column":21},"end":{"line":43,"column":48}},"locations":[{"start":{"line":43,"column":21},"end":{"line":43,"column":48}}]},"4":{"type":"branch","line":43,"loc":{"start":{"line":43,"column":46},"end":{"line":45,"column":7}},"locations":[{"start":{"line":43,"column":46},"end":{"line":45,"column":7}}]},"5":{"type":"branch","line":45,"loc":{"start":{"line":45,"column":6},"end":{"line":47,"column":34}},"locations":[{"start":{"line":45,"column":6},"end":{"line":47,"column":34}}]},"6":{"type":"branch","line":47,"loc":{"start":{"line":47,"column":34},"end":{"line":59,"column":7}},"locations":[{"start":{"line":47,"column":34},"end":{"line":59,"column":7}}]},"7":{"type":"branch","line":49,"loc":{"start":{"line":49,"column":59},"end":{"line":52,"column":9}},"locations":[{"start":{"line":49,"column":59},"end":{"line":52,"column":9}}]},"8":{"type":"branch","line":50,"loc":{"start":{"line":50,"column":48},"end":{"line":52,"column":9}},"locations":[{"start":{"line":50,"column":48},"end":{"line":52,"column":9}}]},"9":{"type":"branch","line":52,"loc":{"start":{"line":52,"column":8},"end":{"line":57,"column":27}},"locations":[{"start":{"line":52,"column":8},"end":{"line":57,"column":27}}]},"10":{"type":"branch","line":57,"loc":{"start":{"line":57,"column":21},"end":{"line":57,"column":48}},"locations":[{"start":{"line":57,"column":21},"end":{"line":57,"column":48}}]},"11":{"type":"branch","line":57,"loc":{"start":{"line":57,"column":46},"end":{"line":59,"column":7}},"locations":[{"start":{"line":57,"column":46},"end":{"line":59,"column":7}}]},"12":{"type":"branch","line":59,"loc":{"start":{"line":59,"column":6},"end":{"line":66,"column":7}},"locations":[{"start":{"line":59,"column":6},"end":{"line":66,"column":7}}]},"13":{"type":"branch","line":62,"loc":{"start":{"line":62,"column":62},"end":{"line":64,"column":9}},"locations":[{"start":{"line":62,"column":62},"end":{"line":64,"column":9}}]},"14":{"type":"branch","line":67,"loc":{"start":{"line":67,"column":4},"end":{"line":77,"column":5}},"locations":[{"start":{"line":67,"column":4},"end":{"line":77,"column":5}}]},"15":{"type":"branch","line":70,"loc":{"start":{"line":70,"column":37},"end":{"line":76,"column":7}},"locations":[{"start":{"line":70,"column":37},"end":{"line":76,"column":7}}]},"16":{"type":"branch","line":71,"loc":{"start":{"line":71,"column":24},"end":{"line":71,"column":57}},"locations":[{"start":{"line":71,"column":24},"end":{"line":71,"column":57}}]},"17":{"type":"branch","line":71,"loc":{"start":{"line":71,"column":57},"end":{"line":75,"column":9}},"locations":[{"start":{"line":71,"column":57},"end":{"line":75,"column":9}}]},"18":{"type":"branch","line":72,"loc":{"start":{"line":72,"column":50},"end":{"line":72,"column":58}},"locations":[{"start":{"line":72,"column":50},"end":{"line":72,"column":58}}]},"19":{"type":"branch","line":74,"loc":{"start":{"line":74,"column":47},"end":{"line":74,"column":55}},"locations":[{"start":{"line":74,"column":47},"end":{"line":74,"column":55}}]}},"b":{"0":[11],"1":[20],"2":[8],"3":[7],"4":[4],"5":[12],"6":[10],"7":[2],"8":[1],"9":[8],"10":[7],"11":[8],"12":[2],"13":[1],"14":[5],"15":[4],"16":[2],"17":[2],"18":[1],"19":[1]},"fnMap":{"0":{"name":"registerInteractionEvent","decl":{"start":{"line":38,"column":7},"end":{"line":79,"column":1}},"loc":{"start":{"line":38,"column":7},"end":{"line":79,"column":1}},"line":38}},"f":{"0":11}}
,"C:\\programming\\teste\\NinDuelist\\src\\events\\ready.ts": {"path":"C:\\programming\\teste\\NinDuelist\\src\\events\\ready.ts","all":false,"statementMap":{"0":{"start":{"line":1,"column":0},"end":{"line":1,"column":44}},"5":{"start":{"line":6,"column":0},"end":{"line":6,"column":52}},"6":{"start":{"line":7,"column":0},"end":{"line":7,"column":48}},"7":{"start":{"line":8,"column":0},"end":{"line":8,"column":49}},"9":{"start":{"line":10,"column":0},"end":{"line":10,"column":31}},"10":{"start":{"line":11,"column":0},"end":{"line":11,"column":27}},"11":{"start":{"line":12,"column":0},"end":{"line":12,"column":26}},"12":{"start":{"line":13,"column":0},"end":{"line":13,"column":5}},"13":{"start":{"line":14,"column":0},"end":{"line":14,"column":1}}},"s":{"0":1,"5":1,"6":3,"7":2,"9":2,"10":1,"11":1,"12":3,"13":3},"branchMap":{"0":{"type":"branch","line":6,"loc":{"start":{"line":6,"column":7},"end":{"line":14,"column":1}},"locations":[{"start":{"line":6,"column":7},"end":{"line":14,"column":1}}]},"1":{"type":"branch","line":7,"loc":{"start":{"line":7,"column":34},"end":{"line":13,"column":3}},"locations":[{"start":{"line":7,"column":34},"end":{"line":13,"column":3}}]},"2":{"type":"branch","line":10,"loc":{"start":{"line":10,"column":29},"end":{"line":12,"column":26}},"locations":[{"start":{"line":10,"column":29},"end":{"line":12,"column":26}}]}},"b":{"0":[3],"1":[2],"2":[1]},"fnMap":{"0":{"name":"registerReadyEvent","decl":{"start":{"line":6,"column":7},"end":{"line":14,"column":1}},"loc":{"start":{"line":6,"column":7},"end":{"line":14,"column":1}},"line":6}},"f":{"0":3}}
,"C:\\programming\\teste\\NinDuelist\\src\\jobs\\expire-duels.ts": {"path":"C:\\programming\\teste\\NinDuelist\\src\\jobs\\expire-duels.ts","all":false,"statementMap":{"0":{"start":{"line":1,"column":0},"end":{"line":1,"column":49}},"5":{"start":{"line":6,"column":0},"end":{"line":6,"column":22}},"6":{"start":{"line":7,"column":0},"end":{"line":7,"column":19}},"7":{"start":{"line":8,"column":0},"end":{"line":8,"column":17}},"8":{"start":{"line":9,"column":0},"end":{"line":9,"column":16}},"9":{"start":{"line":10,"column":0},"end":{"line":10,"column":15}},"10":{"start":{"line":11,"column":0},"end":{"line":11,"column":11}},"12":{"start":{"line":13,"column":0},"end":{"line":13,"column":53}},"13":{"start":{"line":14,"column":0},"end":{"line":14,"column":27}},"14":{"start":{"line":15,"column":0},"end":{"line":15,"column":9}},"15":{"start":{"line":16,"column":0},"end":{"line":16,"column":59}},"18":{"start":{"line":19,"column":0},"end":{"line":19,"column":51}},"19":{"start":{"line":20,"column":0},"end":{"line":20,"column":16}},"20":{"start":{"line":21,"column":0},"end":{"line":21,"column":29}},"21":{"start":{"line":22,"column":0},"end":{"line":22,"column":36}},"22":{"start":{"line":23,"column":0},"end":{"line":23,"column":10}},"23":{"start":{"line":24,"column":0},"end":{"line":24,"column":30}},"24":{"start":{"line":25,"column":0},"end":{"line":25,"column":9}},"26":{"start":{"line":27,"column":0},"end":{"line":27,"column":40}},"29":{"start":{"line":30,"column":0},"end":{"line":30,"column":36}},"30":{"start":{"line":31,"column":0},"end":{"line":31,"column":16}},"31":{"start":{"line":32,"column":0},"end":{"line":32,"column":48}},"32":{"start":{"line":33,"column":0},"end":{"line":33,"column":29}},"33":{"start":{"line":34,"column":0},"end":{"line":34,"column":10}},"34":{"start":{"line":35,"column":0},"end":{"line":35,"column":36}},"35":{"start":{"line":36,"column":0},"end":{"line":36,"column":9}},"37":{"start":{"line":38,"column":0},"end":{"line":38,"column":72}},"40":{"start":{"line":41,"column":0},"end":{"line":41,"column":36}},"41":{"start":{"line":42,"column":0},"end":{"line":42,"column":13}},"42":{"start":{"line":43,"column":0},"end":{"line":43,"column":59}},"44":{"start":{"line":45,"column":0},"end":{"line":45,"column":70}},"45":{"start":{"line":46,"column":0},"end":{"line":46,"column":70}},"47":{"start":{"line":48,"column":0},"end":{"line":48,"column":71}},"48":{"start":{"line":49,"column":0},"end":{"line":49,"column":70}},"49":{"start":{"line":50,"column":0},"end":{"line":50,"column":52}},"51":{"start":{"line":52,"column":0},"end":{"line":52,"column":66}},"52":{"start":{"line":53,"column":0},"end":{"line":53,"column":17}},"54":{"start":{"line":55,"column":0},"end":{"line":55,"column":9}},"55":{"start":{"line":56,"column":0},"end":{"line":56,"column":7}},"56":{"start":{"line":57,"column":0},"end":{"line":57,"column":21}},"57":{"start":{"line":58,"column":0},"end":{"line":58,"column":56}},"58":{"start":{"line":59,"column":0},"end":{"line":59,"column":5}},"59":{"start":{"line":60,"column":0},"end":{"line":60,"column":31}},"61":{"start":{"line":62,"column":0},"end":{"line":62,"column":44}},"62":{"start":{"line":63,"column":0},"end":{"line":63,"column":1}}},"s":{"0":1,"5":1,"6":1,"7":1,"8":1,"9":1,"10":1,"12":1,"13":7,"14":6,"15":6,"18":6,"19":6,"20":6,"21":6,"22":6,"23":6,"24":6,"26":5,"29":4,"30":4,"31":4,"32":4,"33":4,"34":4,"35":4,"37":4,"40":6,"41":5,"42":5,"44":3,"45":5,"47":1,"48":1,"49":1,"51":1,"52":1,"54":1,"55":5,"56":6,"57":1,"58":1,"59":7,"61":7,"62":7},"branchMap":{"0":{"type":"branch","line":13,"loc":{"start":{"line":13,"column":7},"end":{"line":63,"column":1}},"locations":[{"start":{"line":13,"column":7},"end":{"line":63,"column":1}}]},"1":{"type":"branch","line":14,"loc":{"start":{"line":14,"column":14},"end":{"line":60,"column":5}},"locations":[{"start":{"line":14,"column":14},"end":{"line":60,"column":5}}]},"2":{"type":"branch","line":25,"loc":{"start":{"line":25,"column":7},"end":{"line":27,"column":40}},"locations":[{"start":{"line":25,"column":7},"end":{"line":27,"column":40}}]},"3":{"type":"branch","line":27,"loc":{"start":{"line":27,"column":33},"end":{"line":27,"column":40}},"locations":[{"start":{"line":27,"column":33},"end":{"line":27,"column":40}}]},"4":{"type":"branch","line":27,"loc":{"start":{"line":27,"column":33},"end":{"line":41,"column":35}},"locations":[{"start":{"line":27,"column":33},"end":{"line":41,"column":35}}]},"5":{"type":"branch","line":41,"loc":{"start":{"line":41,"column":35},"end":{"line":56,"column":7}},"locations":[{"start":{"line":41,"column":35},"end":{"line":56,"column":7}}]},"6":{"type":"branch","line":43,"loc":{"start":{"line":43,"column":20},"end":{"line":43,"column":50}},"locations":[{"start":{"line":43,"column":20},"end":{"line":43,"column":50}}]},"7":{"type":"branch","line":43,"loc":{"start":{"line":43,"column":50},"end":{"line":43,"column":59}},"locations":[{"start":{"line":43,"column":50},"end":{"line":43,"column":59}}]},"8":{"type":"branch","line":43,"loc":{"start":{"line":43,"column":50},"end":{"line":45,"column":70}},"locations":[{"start":{"line":43,"column":50},"end":{"line":45,"column":70}}]},"9":{"type":"branch","line":45,"loc":{"start":{"line":45,"column":68},"end":{"line":46,"column":61}},"locations":[{"start":{"line":45,"column":68},"end":{"line":46,"column":61}}]},"10":{"type":"branch","line":46,"loc":{"start":{"line":46,"column":61},"end":{"line":55,"column":9}},"locations":[{"start":{"line":46,"column":61},"end":{"line":55,"column":9}}]},"11":{"type":"branch","line":56,"loc":{"start":{"line":56,"column":6},"end":{"line":57,"column":13}},"locations":[{"start":{"line":56,"column":6},"end":{"line":57,"column":13}}]},"12":{"type":"branch","line":57,"loc":{"start":{"line":57,"column":4},"end":{"line":59,"column":5}},"locations":[{"start":{"line":57,"column":4},"end":{"line":59,"column":5}}]},"13":{"type":"branch","line":32,"loc":{"start":{"line":32,"column":33},"end":{"line":32,"column":44}},"locations":[{"start":{"line":32,"column":33},"end":{"line":32,"column":44}}]}},"b":{"0":[7],"1":[6],"2":[5],"3":[1],"4":[4],"5":[5],"6":[4],"7":[2],"8":[3],"9":[2],"10":[1],"11":[4],"12":[1],"13":[5]},"fnMap":{"0":{"name":"startExpireDuelsJob","decl":{"start":{"line":13,"column":7},"end":{"line":63,"column":1}},"loc":{"start":{"line":13,"column":7},"end":{"line":63,"column":1}},"line":13}},"f":{"0":7}}
,"C:\\programming\\teste\\NinDuelist\\src\\jobs\\season-check.ts": {"path":"C:\\programming\\teste\\NinDuelist\\src\\jobs\\season-check.ts","all":false,"statementMap":{"0":{"start":{"line":1,"column":0},"end":{"line":1,"column":53}},"3":{"start":{"line":4,"column":0},"end":{"line":4,"column":39}},"4":{"start":{"line":5,"column":0},"end":{"line":5,"column":27}},"5":{"start":{"line":6,"column":0},"end":{"line":6,"column":9}},"6":{"start":{"line":7,"column":0},"end":{"line":7,"column":45}},"7":{"start":{"line":8,"column":0},"end":{"line":8,"column":20}},"8":{"start":{"line":9,"column":0},"end":{"line":9,"column":35}},"9":{"start":{"line":10,"column":0},"end":{"line":10,"column":15}},"10":{"start":{"line":11,"column":0},"end":{"line":11,"column":7}},"12":{"start":{"line":13,"column":0},"end":{"line":13,"column":41}},"13":{"start":{"line":14,"column":0},"end":{"line":14,"column":70}},"14":{"start":{"line":15,"column":0},"end":{"line":15,"column":37}},"15":{"start":{"line":16,"column":0},"end":{"line":16,"column":35}},"16":{"start":{"line":17,"column":0},"end":{"line":17,"column":7}},"17":{"start":{"line":18,"column":0},"end":{"line":18,"column":21}},"18":{"start":{"line":19,"column":0},"end":{"line":19,"column":56}},"19":{"start":{"line":20,"column":0},"end":{"line":20,"column":5}},"20":{"start":{"line":21,"column":0},"end":{"line":21,"column":31}},"22":{"start":{"line":23,"column":0},"end":{"line":23,"column":44}},"23":{"start":{"line":24,"column":0},"end":{"line":24,"column":1}}},"s":{"0":1,"3":1,"4":5,"5":4,"6":4,"7":4,"8":1,"9":1,"10":1,"12":4,"13":1,"14":1,"15":1,"16":1,"17":4,"18":1,"19":1,"20":5,"22":5,"23":5},"branchMap":{"0":{"type":"branch","line":4,"loc":{"start":{"line":4,"column":7},"end":{"line":24,"column":1}},"locations":[{"start":{"line":4,"column":7},"end":{"line":24,"column":1}}]},"1":{"type":"branch","line":5,"loc":{"start":{"line":5,"column":14},"end":{"line":21,"column":5}},"locations":[{"start":{"line":5,"column":14},"end":{"line":21,"column":5}}]},"2":{"type":"branch","line":7,"loc":{"start":{"line":7,"column":43},"end":{"line":8,"column":19}},"locations":[{"start":{"line":7,"column":43},"end":{"line":8,"column":19}}]},"3":{"type":"branch","line":8,"loc":{"start":{"line":8,"column":19},"end":{"line":11,"column":7}},"locations":[{"start":{"line":8,"column":19},"end":{"line":11,"column":7}}]},"4":{"type":"branch","line":11,"loc":{"start":{"line":11,"column":6},"end":{"line":13,"column":40}},"locations":[{"start":{"line":11,"column":6},"end":{"line":13,"column":40}}]},"5":{"type":"branch","line":13,"loc":{"start":{"line":13,"column":40},"end":{"line":17,"column":7}},"locations":[{"start":{"line":13,"column":40},"end":{"line":17,"column":7}}]},"6":{"type":"branch","line":18,"loc":{"start":{"line":18,"column":4},"end":{"line":20,"column":5}},"locations":[{"start":{"line":18,"column":4},"end":{"line":20,"column":5}}]}},"b":{"0":[5],"1":[4],"2":[3],"3":[1],"4":[2],"5":[1],"6":[1]},"fnMap":{"0":{"name":"startSeasonCheckJob","decl":{"start":{"line":4,"column":7},"end":{"line":24,"column":1}},"loc":{"start":{"line":4,"column":7},"end":{"line":24,"column":1}},"line":4}},"f":{"0":5}}
,"C:\\programming\\teste\\NinDuelist\\src\\lib\\embeds.ts": {"path":"C:\\programming\\teste\\NinDuelist\\src\\lib\\embeds.ts","all":false,"statementMap":{"0":{"start":{"line":1,"column":0},"end":{"line":1,"column":50}},"10":{"start":{"line":11,"column":0},"end":{"line":11,"column":51}},"11":{"start":{"line":12,"column":0},"end":{"line":12,"column":35}},"12":{"start":{"line":13,"column":0},"end":{"line":13,"column":43}},"13":{"start":{"line":14,"column":0},"end":{"line":14,"column":30}},"14":{"start":{"line":15,"column":0},"end":{"line":15,"column":40}},"15":{"start":{"line":16,"column":0},"end":{"line":16,"column":60}},"16":{"start":{"line":17,"column":0},"end":{"line":17,"column":26}},"17":{"start":{"line":18,"column":0},"end":{"line":18,"column":25}},"18":{"start":{"line":19,"column":0},"end":{"line":19,"column":22}},"19":{"start":{"line":20,"column":0},"end":{"line":20,"column":2}},"21":{"start":{"line":22,"column":0},"end":{"line":22,"column":51}},"22":{"start":{"line":23,"column":0},"end":{"line":23,"column":26}},"23":{"start":{"line":24,"column":0},"end":{"line":24,"column":24}},"24":{"start":{"line":25,"column":0},"end":{"line":25,"column":29}},"25":{"start":{"line":26,"column":0},"end":{"line":26,"column":34}},"26":{"start":{"line":27,"column":0},"end":{"line":27,"column":37}},"27":{"start":{"line":28,"column":0},"end":{"line":28,"column":26}},"28":{"start":{"line":29,"column":0},"end":{"line":29,"column":24}},"29":{"start":{"line":30,"column":0},"end":{"line":30,"column":27}},"30":{"start":{"line":31,"column":0},"end":{"line":31,"column":2}},"32":{"start":{"line":33,"column":0},"end":{"line":33,"column":69}},"33":{"start":{"line":34,"column":0},"end":{"line":34,"column":34}},"34":{"start":{"line":35,"column":0},"end":{"line":35,"column":22}},"35":{"start":{"line":36,"column":0},"end":{"line":36,"column":41}},"36":{"start":{"line":37,"column":0},"end":{"line":37,"column":15}},"37":{"start":{"line":38,"column":0},"end":{"line":38,"column":85}},"38":{"start":{"line":39,"column":0},"end":{"line":39,"column":81}},"39":{"start":{"line":40,"column":0},"end":{"line":40,"column":56}},"40":{"start":{"line":41,"column":0},"end":{"line":41,"column":102}},"41":{"start":{"line":42,"column":0},"end":{"line":42,"column":74}},"42":{"start":{"line":43,"column":0},"end":{"line":43,"column":82}},"43":{"start":{"line":44,"column":0},"end":{"line":44,"column":6}},"46":{"start":{"line":47,"column":0},"end":{"line":47,"column":35}},"47":{"start":{"line":48,"column":0},"end":{"line":48,"column":31}},"48":{"start":{"line":49,"column":0},"end":{"line":49,"column":77}},"49":{"start":{"line":50,"column":0},"end":{"line":50,"column":78}},"50":{"start":{"line":51,"column":0},"end":{"line":51,"column":68}},"51":{"start":{"line":52,"column":0},"end":{"line":52,"column":3}},"54":{"start":{"line":55,"column":0},"end":{"line":55,"column":77}},"55":{"start":{"line":56,"column":0},"end":{"line":56,"column":21}},"56":{"start":{"line":57,"column":0},"end":{"line":57,"column":21}},"57":{"start":{"line":58,"column":0},"end":{"line":58,"column":89}},"58":{"start":{"line":59,"column":0},"end":{"line":59,"column":7}},"59":{"start":{"line":60,"column":0},"end":{"line":60,"column":3}},"61":{"start":{"line":62,"column":0},"end":{"line":62,"column":49}},"62":{"start":{"line":63,"column":0},"end":{"line":63,"column":37}},"64":{"start":{"line":65,"column":0},"end":{"line":65,"column":15}},"65":{"start":{"line":66,"column":0},"end":{"line":66,"column":1}},"67":{"start":{"line":68,"column":0},"end":{"line":68,"column":31}},"68":{"start":{"line":69,"column":0},"end":{"line":69,"column":23}},"69":{"start":{"line":70,"column":0},"end":{"line":70,"column":119}},"70":{"start":{"line":71,"column":0},"end":{"line":71,"column":15}},"71":{"start":{"line":72,"column":0},"end":{"line":72,"column":21}},"72":{"start":{"line":73,"column":0},"end":{"line":73,"column":20}},"73":{"start":{"line":74,"column":0},"end":{"line":74,"column":3}},"74":{"start":{"line":75,"column":0},"end":{"line":75,"column":39}},"75":{"start":{"line":76,"column":0},"end":{"line":76,"column":31}},"76":{"start":{"line":77,"column":0},"end":{"line":77,"column":70}},"77":{"start":{"line":78,"column":0},"end":{"line":78,"column":134}},"78":{"start":{"line":79,"column":0},"end":{"line":79,"column":5}},"80":{"start":{"line":81,"column":0},"end":{"line":81,"column":27}},"81":{"start":{"line":82,"column":0},"end":{"line":82,"column":49}},"82":{"start":{"line":83,"column":0},"end":{"line":83,"column":26}},"83":{"start":{"line":84,"column":0},"end":{"line":84,"column":91}},"84":{"start":{"line":85,"colum
[...]
olumn":3}},"locations":[{"start":{"line":53,"column":26},"end":{"line":55,"column":3}}]},"6":{"type":"branch","line":55,"loc":{"start":{"line":55,"column":2},"end":{"line":58,"column":1}},"locations":[{"start":{"line":55,"column":2},"end":{"line":58,"column":1}}]},"7":{"type":"branch","line":60,"loc":{"start":{"line":60,"column":0},"end":{"line":62,"column":1}},"locations":[{"start":{"line":60,"column":0},"end":{"line":62,"column":1}}]},"8":{"type":"branch","line":64,"loc":{"start":{"line":64,"column":0},"end":{"line":72,"column":1}},"locations":[{"start":{"line":64,"column":0},"end":{"line":72,"column":1}}]},"9":{"type":"branch","line":74,"loc":{"start":{"line":74,"column":0},"end":{"line":81,"column":1}},"locations":[{"start":{"line":74,"column":0},"end":{"line":81,"column":1}}]},"10":{"type":"branch","line":84,"loc":{"start":{"line":84,"column":0},"end":{"line":96,"column":1}},"locations":[{"start":{"line":84,"column":0},"end":{"line":96,"column":1}}]},"11":{"type":"branch","line":86,"loc":{"start":{"line":86,"column":7},"end":{"line":86,"column":43}},"locations":[{"start":{"line":86,"column":7},"end":{"line":86,"column":43}}]},"12":{"type":"branch","line":86,"loc":{"start":{"line":86,"column":43},"end":{"line":86,"column":70}},"locations":[{"start":{"line":86,"column":43},"end":{"line":86,"column":70}}]},"13":{"type":"branch","line":86,"loc":{"start":{"line":86,"column":68},"end":{"line":91,"column":20}},"locations":[{"start":{"line":86,"column":68},"end":{"line":91,"column":20}}]},"14":{"type":"branch","line":91,"loc":{"start":{"line":91,"column":6},"end":{"line":91,"column":31}},"locations":[{"start":{"line":91,"column":6},"end":{"line":91,"column":31}}]},"15":{"type":"branch","line":91,"loc":{"start":{"line":91,"column":31},"end":{"line":93,"column":3}},"locations":[{"start":{"line":91,"column":31},"end":{"line":93,"column":3}}]},"16":{"type":"branch","line":93,"loc":{"start":{"line":93,"column":2},"end":{"line":96,"column":1}},"locations":[{"start":{"line":93,"column":2},"end":{"line":96,"column":1}}]},"17":{"type":"branch","line":98,"loc":{"start":{"line":98,"column":0},"end":{"line":100,"column":1}},"locations":[{"start":{"line":98,"column":0},"end":{"line":100,"column":1}}]},"18":{"type":"branch","line":102,"loc":{"start":{"line":102,"column":0},"end":{"line":117,"column":1}},"locations":[{"start":{"line":102,"column":0},"end":{"line":117,"column":1}}]},"19":{"type":"branch","line":109,"loc":{"start":{"line":109,"column":7},"end":{"line":109,"column":46}},"locations":[{"start":{"line":109,"column":7},"end":{"line":109,"column":46}}]},"20":{"type":"branch","line":109,"loc":{"start":{"line":109,"column":46},"end":{"line":109,"column":58}},"locations":[{"start":{"line":109,"column":46},"end":{"line":109,"column":58}}]},"21":{"type":"branch","line":109,"loc":{"start":{"line":109,"column":53},"end":{"line":117,"column":1}},"locations":[{"start":{"line":109,"column":53},"end":{"line":117,"column":1}}]},"22":{"type":"branch","line":119,"loc":{"start":{"line":119,"column":0},"end":{"line":121,"column":1}},"locations":[{"start":{"line":119,"column":0},"end":{"line":121,"column":1}}]},"23":{"type":"branch","line":123,"loc":{"start":{"line":123,"column":0},"end":{"line":130,"column":1}},"locations":[{"start":{"line":123,"column":0},"end":{"line":130,"column":1}}]},"24":{"type":"branch","line":132,"loc":{"start":{"line":132,"column":0},"end":{"line":134,"column":1}},"locations":[{"start":{"line":132,"column":0},"end":{"line":134,"column":1}}]},"25":{"type":"branch","line":136,"loc":{"start":{"line":136,"column":0},"end":{"line":138,"column":1}},"locations":[{"start":{"line":136,"column":0},"end":{"line":138,"column":1}}]},"26":{"type":"branch","line":141,"loc":{"start":{"line":141,"column":0},"end":{"line":150,"column":1}},"locations":[{"start":{"line":141,"column":0},"end":{"line":150,"column":1}}]}},"b":{"0":[1],"1":[4],"2":[13],"3":[2],"4":[11],"5":[5],"6":[8],"7":[1],"8":[3],"9":[2],"10":[5],"11":[4],"12":[2],"13":[3],"14":[2],"15":[2],"16":[1],"17":[2],"18":[3],"19":[2],"20":[2],"21":[1],"22":[2],"23":[2],"24":[2],"25":[2],"26":[2]},"fnMap":{"0":{"name":"createDuel","decl":{"start":{"line":11,"column":0},"end":{"line":31,"column":1}},"loc":{"start":{"line":11,"column":0},"end":{"line":31,"column":1}},"line":11},"1":{"name":"getDuelById","decl":{"start":{"line":33,"column":0},"end":{"line":38,"column":1}},"loc":{"start":{"line":33,"column":0},"end":{"line":38,"column":1}},"line":33},"2":{"name":"transitionDuel","decl":{"start":{"line":41,"column":0},"end":{"line":58,"column":1}},"loc":{"start":{"line":41,"column":0},"end":{"line":58,"column":1}},"line":41},"3":{"name":"setMessageId","decl":{"start":{"line":60,"column":0},"end":{"line":62,"column":1}},"loc":{"start":{"line":60,"column":0},"end":{"line":62,"column":1}},"line":60},"4":{"name":"acceptOpponent","decl":{"start":{"line":64,"column":0},"end":{"line":72,"column":1}},"loc":{"start":{"line":64,"column":0},"end":{"line":72,"column":1}},"line":64},"5":{"name":"acceptWitness","decl":{"start":{"line":74,"column":0},"end":{"line":81,"column":1}},"loc":{"start":{"line":74,"column":0},"end":{"line":81,"column":1}},"line":74},"6":{"name":"tryMoveToAccepted","decl":{"start":{"line":84,"column":0},"end":{"line":96,"column":1}},"loc":{"start":{"line":84,"column":0},"end":{"line":96,"column":1}},"line":84},"7":{"name":"startDuel","decl":{"start":{"line":98,"column":0},"end":{"line":100,"column":1}},"loc":{"start":{"line":98,"column":0},"end":{"line":100,"column":1}},"line":98},"8":{"name":"submitResult","decl":{"start":{"line":102,"column":0},"end":{"line":117,"column":1}},"loc":{"start":{"line":102,"column":0},"end":{"line":117,"column":1}},"line":102},"9":{"name":"confirmResult","decl":{"start":{"line":119,"column":0},"end":{"line":121,"column":1}},"loc":{"start":{"line":119,"column":0},"end":{"line":121,"column":1}},"line":119},"10":{"name":"rejectResult","decl":{"start":{"line":123,"column":0},"end":{"line":130,"column":1}},"loc":{"start":{"line":123,"column":0},"end":{"line":130,"column":1}},"line":123},"11":{"name":"expireDuel","decl":{"start":{"line":132,"column":0},"end":{"line":134,"column":1}},"loc":{"start":{"line":132,"column":0},"end":{"line":134,"column":1}},"line":132},"12":{"name":"cancelDuel","decl":{"start":{"line":136,"column":0},"end":{"line":138,"column":1}},"loc":{"start":{"line":136,"column":0},"end":{"line":138,"column":1}},"line":136},"13":{"name":"hasActiveDuel","decl":{"start":{"line":141,"column":0},"end":{"line":150,"column":1}},"loc":{"start":{"line":141,"column":0},"end":{"line":150,"column":1}},"line":141}},"f":{"0":1,"1":4,"2":13,"3":1,"4":3,"5":2,"6":5,"7":2,"8":3,"9":2,"10":2,"11":2,"12":2,"13":2}}
,"C:\\programming\\teste\\NinDuelist\\src\\services\\player.service.ts": {"path":"C:\\programming\\teste\\NinDuelist\\src\\services\\player.service.ts","all":false,"statementMap":{"0":{"start":{"line":1,"column":0},"end":{"line":1,"column":39}},"3":{"start":{"line":4,"column":0},"end":{"line":4,"column":78}},"4":{"start":{"line":5,"column":0},"end":{"line":5,"column":31}},"5":{"start":{"line":6,"column":0},"end":{"line":6,"column":25}},"6":{"start":{"line":7,"column":0},"end":{"line":7,"column":25}},"7":{"start":{"line":8,"column":0},"end":{"line":8,"column":36}},"8":{"start":{"line":9,"column":0},"end":{"line":9,"column":5}},"9":{"start":{"line":10,"column":0},"end":{"line":10,"column":1}},"11":{"start":{"line":12,"column":0},"end":{"line":12,"column":78}},"12":{"start":{"line":13,"column":0},"end":{"line":13,"column":37}},"13":{"start":{"line":14,"column":0},"end":{"line":14,"column":57}},"14":{"start":{"line":15,"column":0},"end":{"line":15,"column":15}},"15":{"start":{"line":16,"column":0},"end":{"line":16,"column":35}},"16":{"start":{"line":17,"column":0},"end":{"line":17,"column":5}},"17":{"start":{"line":18,"column":0},"end":{"line":18,"column":1}},"19":{"start":{"line":20,"column":0},"end":{"line":20,"column":88}},"20":{"start":{"line":21,"column":0},"end":{"line":21,"column":47}},"21":{"start":{"line":22,"column":0},"end":{"line":22,"column":46}},"24":{"start":{"line":25,"column":0},"end":{"line":25,"column":57}},"25":{"start":{"line":26,"column":0},"end":{"line":26,"column":67}},"26":{"start":{"line":27,"column":0},"end":{"line":27,"column":11}},"27":{"start":{"line":28,"column":0},"end":{"line":28,"column":40}},"28":{"start":{"line":29,"column":0},"end":{"line":29,"column":29}},"29":{"start":{"line":30,"column":0},"end":{"line":30,"column":31}},"30":{"start":{"line":31,"column":0},"end":{"line":31,"column":6}},"31":{"start":{"line":32,"column":0},"end":{"line":32,"column":5}},"34":{"start":{"line":35,"column":0},"end":{"line":35,"column":54}},"35":{"start":{"line":36,"column":0},"end":{"line":36,"column":38}},"36":{"start":{"line":37,"column":0},"end":{"line":37,"column":69}},"37":{"start":{"line":38,"column":0},"end":{"line":38,"column":48}},"38":{"start":{"line":39,"column":0},"end":{"line":39,"column":7}},"39":{"start":{"line":40,"column":0},"end":{"line":40,"column":3}},"42":{"start":{"line":43,"column":0},"end":{"line":43,"column":36}},"43":{"start":{"line":44,"column":0},"end":{"line":44,"column":66}},"44":{"start":{"line":45,"column":0},"end":{"line":45,"column":11}},"45":{"start":{"line":46,"column":0},"end":{"line":46,"column":41}},"46":{"start":{"line":47,"column":0},"end":{"line":47,"column":31}},"47":{"start":{"line":48,"column":0},"end":{"line":48,"column":16}},"48":{"start":{"line":49,"column":0},"end":{"line":49,"column":6}},"49":{"start":{"line":50,"column":0},"end":{"line":50,"column":5}},"50":{"start":{"line":51,"column":0},"end":{"line":51,"column":1}}},"s":{"0":1,"3":1,"4":1,"5":1,"6":1,"7":1,"8":1,"9":1,"11":8,"12":8,"13":8,"14":8,"15":8,"16":8,"17":8,"19":4,"20":4,"21":3,"24":3,"25":3,"26":3,"27":3,"28":3,"29":3,"30":3,"31":3,"34":4,"35":1,"36":1,"37":1,"38":1,"39":1,"42":2,"43":2,"44":2,"45":2,"46":2,"47":2,"48":2,"49":2,"50":2},"branchMap":{"0":{"type":"branch","line":4,"loc":{"start":{"line":4,"column":0},"end":{"line":10,"column":1}},"locations":[{"start":{"line":4,"column":0},"end":{"line":10,"column":1}}]},"1":{"type":"branch","line":12,"loc":{"start":{"line":12,"column":0},"end":{"line":18,"column":1}},"locations":[{"start":{"line":12,"column":0},"end":{"line":18,"column":1}}]},"2":{"type":"branch","line":20,"loc":{"start":{"line":20,"column":0},"end":{"line":51,"column":1}},"locations":[{"start":{"line":20,"column":0},"end":{"line":51,"column":1}}]},"3":{"type":"branch","line":21,"loc":{"start":{"line":21,"column":45},"end":{"line":32,"column":5}},"locations":[{"start":{"line":21,"column":45},"end":{"line":32,"column":5}}]},"4":{"type":"branch","line":32,"loc":{"start":{"line":32,"column":3},"end":{"line":35,"column":53}},"locations":[{"start":{"line":32,"column":3},"end":{"line":35,"column":53}}]},"5":{"type":"branch","line":35,"loc":{"start":{"line":35,"column":53},"end":{"line":40,"column":3}},"locations":[{"start":{"line":35,"column":53},"end":{"line":40,"column":3}}]},"6":{"type":"branch","line":40,"loc":{"start":{"line":40,"column":2},"end":{"line":51,"column":1}},"locations":[{"start":{"line":40,"column":2},"end":{"line":51,"column":1}}]}},"b":{"0":[1],"1":[8],"2":[4],"3":[3],"4":[2],"5":[1],"6":[2]},"fnMap":{"0":{"name":"getOrCreatePlayer","decl":{"start":{"line":4,"column":0},"end":{"line":10,"column":1}},"loc":{"start":{"line":4,"column":0},"end":{"line":10,"column":1}},"line":4},"1":{"name":"ensurePlayerSeason","decl":{"start":{"line":12,"column":0},"end":{"line":18,"column":1}},"loc":{"start":{"line":12,"column":0},"end":{"line":18,"column":1}},"line":12},"2":{"name":"applyResult","decl":{"start":{"line":20,"column":0},"end":{"line":51,"column":1}},"loc":{"start":{"line":20,"column":0},"end":{"line":51,"column":1}},"line":20}},"f":{"0":1,"1":8,"2":4}}
,"C:\\programming\\teste\\NinDuelist\\src\\services\\ranking.service.ts": {"path":"C:\\programming\\teste\\NinDuelist\\src\\services\\ranking.service.ts","all":false,"statementMap":{"0":{"start":{"line":1,"column":0},"end":{"line":1,"column":39}},"3":{"start":{"line":4,"column":0},"end":{"line":4,"column":74}},"4":{"start":{"line":5,"column":0},"end":{"line":5,"column":43}},"6":{"start":{"line":7,"column":0},"end":{"line":7,"column":46}},"7":{"start":{"line":8,"column":0},"end":{"line":8,"column":34}},"8":{"start":{"line":9,"column":0},"end":{"line":9,"column":26}},"9":{"start":{"line":10,"column":0},"end":{"line":10,"column":78}},"10":{"start":{"line":11,"column":0},"end":{"line":11,"column":32}},"11":{"start":{"line":12,"column":0},"end":{"line":12,"column":11}},"12":{"start":{"line":13,"column":0},"end":{"line":13,"column":27}},"13":{"start":{"line":14,"column":0},"end":{"line":14,"column":7}},"14":{"start":{"line":15,"column":0},"end":{"line":15,"column":55}},"15":{"start":{"line":16,"column":0},"end":{"line":16,"column":5}},"17":{"start":{"line":18,"column":0},"end":{"line":18,"column":10}},"18":{"start":{"line":19,"column":0},"end":{"line":19,"column":12}},"19":{"start":{"line":20,"column":0},"end":{"line":20,"column":10}},"20":{"start":{"line":21,"column":0},"end":{"line":21,"column":9}},"21":{"start":{"line":22,"column":0},"end":{"line":22,"column":63}},"22":{"start":{"line":23,"column":0},"end":{"line":23,"column":4}},"23":{"start":{"line":24,"column":0},"end":{"line":24,"column":1}},"25":{"start":{"line":26,"column":0},"end":{"line":26,"column":74}},"26":{"start":{"line":27,"column":0},"end":{"line":27,"column":39}},"27":{"start":{"line":28,"column":0},"end":{"line":28,"column":24}},"28":{"start":{"line":29,"column":0},"end":{"line":29,"column":76}},"29":{"start":{"line":30,"column":0},"end":{"line":30,"column":30}},"30":{"start":{"line":31,"column":0},"end":{"line":31,"column":16}},"31":{"start":{"line":32,"column":0},"end":{"line":32,"column":5}},"32":{"start":{"line":33,"column":0},"end":{"line":33,"column":1}}},"s":{"0":1,"3":3,"4":3,"6":3,"7":3,"8":3,"9":3,"10":3,"11":3,"12":3,"13":3,"14":3,"15":3,"17":3,"18":3,"19":3,"20":3,"21":3,"22":3,"23":3,"25":2,"26":2,"27":2,"28":2,"29":2,"30":2,"31":2,"32":2},"branchMap":{"0":{"type":"branch","line":4,"loc":{"start":{"line":4,"column":0},"end":{"line":24,"column":1}},"locations":[{"start":{"line":4,"column":0},"end":{"line":24,"column":1}}]},"1":{"type":"branch","line":26,"loc":{"start":{"line":26,"column":0},"end":{"line":33,"column":1}},"locations":[{"start":{"line":26,"column":0},"end":{"line":33,"column":1}}]}},"b":{"0":[3],"1":[2]},"fnMap":{"0":{"name":"getLeaderboard","decl":{"start":{"line":4,"column":0},"end":{"line":24,"column":1}},"loc":{"start":{"line":4,"column":0},"end":{"line":24,"column":1}},"line":4},"1":{"name":"getTopPlayers","decl":{"start":{"line":26,"column":0},"end":{"line":33,"column":1}},"loc":{"start":{"line":26,"column":0},"end":{"line":33,"column":1}},"line":26}},"f":{"0":3,"1":2}}
,"C:\\programming\\teste\\NinDuelist\\src\\services\\season.service.ts": {"path":"C:\\programming\\teste\\NinDuelist\\src\\services\\season.service.ts","all":false,"statementMap":{"0":{"start":{"line":1,"column":0},"end":{"line":1,"column":39}},"3":{"start":{"line":4,"column":0},"end":{"line":4,"column":41}},"4":{"start":{"line":5,"column":0},"end":{"line":5,"column":62}},"5":{"start":{"line":6,"column":0},"end":{"line":6,"column":1}},"7":{"start":{"line":8,"column":0},"end":{"line":8,"column":44}},"8":{"start":{"line":9,"column":0},"end":{"line":9,"column":43}},"9":{"start":{"line":10,"column":0},"end":{"line":10,"column":17}},"10":{"start":{"line":11,"column":0},"end":{"line":11,"column":91}},"11":{"start":{"line":12,"column":0},"end":{"line":12,"column":20}},"12":{"start":{"line":13,"column":0},"end":{"line":13,"column":3}},"14":{"start":{"line":15,"column":0},"end":{"line":15,"column":84}},"15":{"start":{"line":16,"column":0},"end":{"line":16,"column":60}},"17":{"start":{"line":18,"column":0},"end":{"line":18,"column":25}},"18":{"start":{"line":19,"column":0},"end":{"line":19,"column":32}},"19":{"start":{"line":20,"column":0},"end":{"line":20,"column":60}},"21":{"start":{"line":22,"column":0},"end":{"line":22,"column":45}},"22":{"start":{"line":23,"column":0},"end":{"line":23,"column":72}},"23":{"start":{"line":24,"column":0},"end":{"line":24,"column":5}},"25":{"start":{"line":26,"column":0},"end":{"line":26,"column":86}},"26":{"start":{"line":27,"column":0},"end":{"line":27,"column":16}},"27":{"start":{"line":28,"column":0},"end":{"line":28,"column":1}},"29":{"start":{"line":30,"column":0},"end":{"line":30,"column":53}},"31":{"start":{"line":32,"column":0},"end":{"line":32,"column":57}},"32":{"start":{"line":33,"column":0},"end":{"line":33,"column":24}},"33":{"start":{"line":34,"column":0},"end":{"line":34,"column":52}},"34":{"start":{"line":35,"column":0},"end":{"line":35,"column":5}},"36":{"start":{"line":37,"column":0},"end":{"line":37,"column":30}},"37":{"start":{"line":38,"column":0},"end":{"line":38,"column":28}},"38":{"start":{"line":39,"column":0},"end":{"line":39,"column":69}},"39":{"start":{"line":40,"column":0},"end":{"line":40,"column":5}},"41":{"start":{"line":42,"column":0},"end":{"line":42,"column":47}},"42":{"start":{"line":43,"column":0},"end":{"line":43,"column":1}}},"s":{"0":1,"3":5,"4":5,"5":5,"7":4,"8":4,"9":4,"10":1,"11":1,"12":1,"14":3,"15":4,"17":4,"18":4,"19":4,"21":4,"22":4,"23":4,"25":2,"26":2,"27":2,"29":3,"31":3,"32":3,"33":3,"34":3,"36":3,"37":3,"38":3,"39":3,"41":2,"42":2},"branchMap":{"0":{"type":"branch","line":4,"loc":{"start":{"line":4,"column":0},"end":{"line":6,"column":1}},"locations":[{"start":{"line":4,"column":0},"end":{"line":6,"column":1}}]},"1":{"type":"branch","line":8,"loc":{"start":{"line":8,"column":0},"end":{"line":28,"column":1}},"locations":[{"start":{"line":8,"column":0},"end":{"line":28,"column":1}}]},"2":{"type":"branch","line":10,"loc":{"start":{"line":10,"column":16},"end":{"line":13,"column":3}},"locations":[{"start":{"line":10,"column":16},"end":{"line":13,"column":3}}]},"3":{"type":"branch","line":13,"loc":{"start":{"line":13,"column":2},"end":{"line":16,"column":34}},"locations":[{"start":{"line":13,"column":2},"end":{"line":16,"column":34}}]},"4":{"type":"branch","line":16,"loc":{"start":{"line":16,"column":21},"end":{"line":16,"column":58}},"locations":[{"start":{"line":16,"column":21},"end":{"line":16,"column":58}}]},"5":{"type":"branch","line":16,"loc":{"start":{"line":16,"column":54},"end":{"line":16,"column":60}},"locations":[{"start":{"line":16,"column":54},"end":{"line":16,"column":60}}]},"6":{"type":"branch","line":24,"loc":{"start":{"line":24,"column":3},"end":{"line":28,"column":1}},"locations":[{"start":{"line":24,"column":3},"end":{"line":28,"column":1}}]},"7":{"type":"branch","line":30,"loc":{"start":{"line":30,"column":0},"end":{"line":43,"column":1}},"locations":[{"start":{"line":30,"column":0},"end":{"line":43,"column":1}}]},"8":{"type":"branch","line":39,"loc":{"start":{"line":39,"column":39},"end":{"line":39,"column":62}},"locations":[{"start":{"line":39,"column":39},"end":{"line":39,"column":62}}]},"9":{"type":"branch","line":39,"loc":{"start":{"line":39,"column":50},"end":{"line":39,"column":67}},"locations":[{"start":{"line":39,"column":50},"end":{"line":39,"column":67}}]},"10":{"type":"branch","line":40,"loc":{"start":{"line":40,"column":3},"end":{"line":43,"column":1}},"locations":[{"start":{"line":40,"column":3},"end":{"line":43,"column":1}}]}},"b":{"0":[5],"1":[4],"2":[1],"3":[3],"4":[2],"5":[1],"6":[2],"7":[3],"8":[2],"9":[1],"10":[2]},"fnMap":{"0":{"name":"getActiveSeason","decl":{"start":{"line":4,"column":0},"end":{"line":6,"column":1}},"loc":{"start":{"line":4,"column":0},"end":{"line":6,"column":1}},"line":4},"1":{"name":"ensureActiveSeason","decl":{"start":{"line":8,"column":0},"end":{"line":28,"column":1}},"loc":{"start":{"line":8,"column":0},"end":{"line":28,"column":1}},"line":8},"2":{"name":"closeSeason","decl":{"start":{"line":30,"column":0},"end":{"line":43,"column":1}},"loc":{"start":{"line":30,"column":0},"end":{"line":43,"column":1}},"line":30}},"f":{"0":5,"1":4,"2":3}}
}
